ERROR - 2023-04-25 13:32:15 --> mysqli_sql_exception: Column 'tanggal_lahir' cannot be null in C:\xampp\htdocs\codeigniter4-framework\system\Database\MySQLi\Connection.php:295
Stack trace:
#0 C:\xampp\htdocs\codeigniter4-framework\system\Database\MySQLi\Connection.php(295): mysqli->query('INSERT INTO `ma...', 0)
#1 C:\xampp\htdocs\codeigniter4-framework\system\Database\BaseConnection.php(691): CodeIgniter\Database\MySQLi\Connection->execute('INSERT INTO `ma...')
#2 C:\xampp\htdocs\codeigniter4-framework\system\Database\BaseConnection.php(605): CodeIgniter\Database\BaseConnection->simpleQuery('INSERT INTO `ma...')
#3 C:\xampp\htdocs\codeigniter4-framework\system\Database\BaseBuilder.php(2309): CodeIgniter\Database\BaseConnection->query('INSERT INTO `ma...', Array, false)
#4 C:\xampp\htdocs\codeigniter4-framework\system\Model.php(330): CodeIgniter\Database\BaseBuilder->insert()
#5 C:\xampp\htdocs\codeigniter4-framework\system\BaseModel.php(782): CodeIgniter\Model->doInsert(Array)
#6 C:\xampp\htdocs\codeigniter4-framework\system\Model.php(730): CodeIgniter\BaseModel->insert(Array, true)
#7 C:\xampp\htdocs\codeigniter4-framework\app\Controllers\Main.php(107): CodeIgniter\Model->insert(Array)
#8 C:\xampp\htdocs\codeigniter4-framework\system\CodeIgniter.php(934): App\Controllers\Main->saveMahasiswa()
#9 C:\xampp\htdocs\codeigniter4-framework\system\CodeIgniter.php(499): CodeIgniter\CodeIgniter->runController(Object(App\Controllers\Main))
#10 C:\xampp\htdocs\codeigniter4-framework\system\CodeIgniter.php(368): CodeIgniter\CodeIgniter->handleRequest(NULL, Object(Config\Cache), false)
#11 C:\xampp\htdocs\codeigniter4-framework\public\index.php(67): CodeIgniter\CodeIgniter->run()
#12 C:\xampp\htdocs\codeigniter4-framework\system\Commands\Server\rewrite.php(47): require_once('C:\\xampp\\htdocs...')
#13 {main}
ERROR - 2023-04-25 13:32:26 --> mysqli_sql_exception: Column 'tanggal_lahir' cannot be null in C:\xampp\htdocs\codeigniter4-framework\system\Database\MySQLi\Connection.php:295
Stack trace:
#0 C:\xampp\htdocs\codeigniter4-framework\system\Database\MySQLi\Connection.php(295): mysqli->query('INSERT INTO `ma...', 0)
#1 C:\xampp\htdocs\codeigniter4-framework\system\Database\BaseConnection.php(691): CodeIgniter\Database\MySQLi\Connection->execute('INSERT INTO `ma...')
#2 C:\xampp\htdocs\codeigniter4-framework\system\Database\BaseConnection.php(605): CodeIgniter\Database\BaseConnection->simpleQuery('INSERT INTO `ma...')
#3 C:\xampp\htdocs\codeigniter4-framework\system\Database\BaseBuilder.php(2309): CodeIgniter\Database\BaseConnection->query('INSERT INTO `ma...', Array, false)
#4 C:\xampp\htdocs\codeigniter4-framework\system\Model.php(330): CodeIgniter\Database\BaseBuilder->insert()
#5 C:\xampp\htdocs\codeigniter4-framework\system\BaseModel.php(782): CodeIgniter\Model->doInsert(Array)
#6 C:\xampp\htdocs\codeigniter4-framework\system\Model.php(730): CodeIgniter\BaseModel->insert(Array, true)
#7 C:\xampp\htdocs\codeigniter4-framework\app\Controllers\Main.php(107): CodeIgniter\Model->insert(Array)
#8 C:\xampp\htdocs\codeigniter4-framework\system\CodeIgniter.php(934): App\Controllers\Main->saveMahasiswa()
#9 C:\xampp\htdocs\codeigniter4-framework\system\CodeIgniter.php(499): CodeIgniter\CodeIgniter->runController(Object(App\Controllers\Main))
#10 C:\xampp\htdocs\codeigniter4-framework\system\CodeIgniter.php(368): CodeIgniter\CodeIgniter->handleRequest(NULL, Object(Config\Cache), false)
#11 C:\xampp\htdocs\codeigniter4-framework\public\index.php(67): CodeIgniter\CodeIgniter->run()
#12 C:\xampp\htdocs\codeigniter4-framework\system\Commands\Server\rewrite.php(47): require_once('C:\\xampp\\htdocs...')
#13 {main}
ERROR - 2023-04-25 13:40:47 --> mysqli_sql_exception: Column 'tanggal_lahir' cannot be null in C:\xampp\htdocs\codeigniter4-framework\system\Database\MySQLi\Connection.php:295
Stack trace:
#0 C:\xampp\htdocs\codeigniter4-framework\system\Database\MySQLi\Connection.php(295): mysqli->query('INSERT INTO `ma...', 0)
#1 C:\xampp\htdocs\codeigniter4-framework\system\Database\BaseConnection.php(691): CodeIgniter\Database\MySQLi\Connection->execute('INSERT INTO `ma...')
#2 C:\xampp\htdocs\codeigniter4-framework\system\Database\BaseConnection.php(605): CodeIgniter\Database\BaseConnection->simpleQuery('INSERT INTO `ma...')
#3 C:\xampp\htdocs\codeigniter4-framework\system\Database\BaseBuilder.php(2309): CodeIgniter\Database\BaseConnection->query('INSERT INTO `ma...', Array, false)
#4 C:\xampp\htdocs\codeigniter4-framework\system\Model.php(330): CodeIgniter\Database\BaseBuilder->insert()
#5 C:\xampp\htdocs\codeigniter4-framework\system\BaseModel.php(782): CodeIgniter\Model->doInsert(Array)
#6 C:\xampp\htdocs\codeigniter4-framework\system\Model.php(730): CodeIgniter\BaseModel->insert(Array, true)
#7 C:\xampp\htdocs\codeigniter4-framework\app\Controllers\Main.php(107): CodeIgniter\Model->insert(Array)
#8 C:\xampp\htdocs\codeigniter4-framework\system\CodeIgniter.php(934): App\Controllers\Main->saveMahasiswa()
#9 C:\xampp\htdocs\codeigniter4-framework\system\CodeIgniter.php(499): CodeIgniter\CodeIgniter->runController(Object(App\Controllers\Main))
#10 C:\xampp\htdocs\codeigniter4-framework\system\CodeIgniter.php(368): CodeIgniter\CodeIgniter->handleRequest(NULL, Object(Config\Cache), false)
#11 C:\xampp\htdocs\codeigniter4-framework\public\index.php(67): CodeIgniter\CodeIgniter->run()
#12 C:\xampp\htdocs\codeigniter4-framework\system\Commands\Server\rewrite.php(47): require_once('C:\\xampp\\htdocs...')
#13 {main}
ERROR - 2023-04-25 13:40:53 --> mysqli_sql_exception: Column 'tanggal_lahir' cannot be null in C:\xampp\htdocs\codeigniter4-framework\system\Database\MySQLi\Connection.php:295
Stack trace:
#0 C:\xampp\htdocs\codeigniter4-framework\system\Database\MySQLi\Connection.php(295): mysqli->query('INSERT INTO `ma...', 0)
#1 C:\xampp\htdocs\codeigniter4-framework\system\Database\BaseConnection.php(691): CodeIgniter\Database\MySQLi\Connection->execute('INSERT INTO `ma...')
#2 C:\xampp\htdocs\codeigniter4-framework\system\Database\BaseConnection.php(605): CodeIgniter\Database\BaseConnection->simpleQuery('INSERT INTO `ma...')
#3 C:\xampp\htdocs\codeigniter4-framework\system\Database\BaseBuilder.php(2309): CodeIgniter\Database\BaseConnection->query('INSERT INTO `ma...', Array, false)
#4 C:\xampp\htdocs\codeigniter4-framework\system\Model.php(330): CodeIgniter\Database\BaseBuilder->insert()
#5 C:\xampp\htdocs\codeigniter4-framework\system\BaseModel.php(782): CodeIgniter\Model->doInsert(Array)
#6 C:\xampp\htdocs\codeigniter4-framework\system\Model.php(730): CodeIgniter\BaseModel->insert(Array, true)
#7 C:\xampp\htdocs\codeigniter4-framework\app\Controllers\Main.php(107): CodeIgniter\Model->insert(Array)
#8 C:\xampp\htdocs\codeigniter4-framework\system\CodeIgniter.php(934): App\Controllers\Main->saveMahasiswa()
#9 C:\xampp\htdocs\codeigniter4-framework\system\CodeIgniter.php(499): CodeIgniter\CodeIgniter->runController(Object(App\Controllers\Main))
#10 C:\xampp\htdocs\codeigniter4-framework\system\CodeIgniter.php(368): CodeIgniter\CodeIgniter->handleRequest(NULL, Object(Config\Cache), false)
#11 C:\xampp\htdocs\codeigniter4-framework\public\index.php(67): CodeIgniter\CodeIgniter->run()
#12 C:\xampp\htdocs\codeigniter4-framework\system\Commands\Server\rewrite.php(47): require_once('C:\\xampp\\htdocs...')
#13 {main}
ERROR - 2023-04-25 13:41:25 --> mysqli_sql_exception: Column 'tanggal_lahir' cannot be null in C:\xampp\htdocs\codeigniter4-framework\system\Database\MySQLi\Connection.php:295
Stack trace:
#0 C:\xampp\htdocs\codeigniter4-framework\system\Database\MySQLi\Connection.php(295): mysqli->query('INSERT INTO `ma...', 0)
#1 C:\xampp\htdocs\codeigniter4-framework\system\Database\BaseConnection.php(691): CodeIgniter\Database\MySQLi\Connection->execute('INSERT INTO `ma...')
#2 C:\xampp\htdocs\codeigniter4-framework\system\Database\BaseConnection.php(605): CodeIgniter\Database\BaseConnection->simpleQuery('INSERT INTO `ma...')
#3 C:\xampp\htdocs\codeigniter4-framework\system\Database\BaseBuilder.php(2309): CodeIgniter\Database\BaseConnection->query('INSERT INTO `ma...', Array, false)
#4 C:\xampp\htdocs\codeigniter4-framework\system\Model.php(330): CodeIgniter\Database\BaseBuilder->insert()
#5 C:\xampp\htdocs\codeigniter4-framework\system\BaseModel.php(782): CodeIgniter\Model->doInsert(Array)
#6 C:\xampp\htdocs\codeigniter4-framework\system\Model.php(730): CodeIgniter\BaseModel->insert(Array, true)
#7 C:\xampp\htdocs\codeigniter4-framework\app\Controllers\Main.php(107): CodeIgniter\Model->insert(Array)
#8 C:\xampp\htdocs\codeigniter4-framework\system\CodeIgniter.php(934): App\Controllers\Main->saveMahasiswa()
#9 C:\xampp\htdocs\codeigniter4-framework\system\CodeIgniter.php(499): CodeIgniter\CodeIgniter->runController(Object(App\Controllers\Main))
#10 C:\xampp\htdocs\codeigniter4-framework\system\CodeIgniter.php(368): CodeIgniter\CodeIgniter->handleRequest(NULL, Object(Config\Cache), false)
#11 C:\xampp\htdocs\codeigniter4-framework\public\index.php(67): CodeIgniter\CodeIgniter->run()
#12 C:\xampp\htdocs\codeigniter4-framework\system\Commands\Server\rewrite.php(47): require_once('C:\\xampp\\htdocs...')
#13 {main}
ERROR - 2023-04-25 13:45:21 --> mysqli_sql_exception: Column 'tanggal_lahir' cannot be null in C:\xampp\htdocs\codeigniter4-framework\system\Database\MySQLi\Connection.php:295
Stack trace:
#0 C:\xampp\htdocs\codeigniter4-framework\system\Database\MySQLi\Connection.php(295): mysqli->query('INSERT INTO `ma...', 0)
#1 C:\xampp\htdocs\codeigniter4-framework\system\Database\BaseConnection.php(691): CodeIgniter\Database\MySQLi\Connection->execute('INSERT INTO `ma...')
#2 C:\xampp\htdocs\codeigniter4-framework\system\Database\BaseConnection.php(605): CodeIgniter\Database\BaseConnection->simpleQuery('INSERT INTO `ma...')
#3 C:\xampp\htdocs\codeigniter4-framework\system\Database\BaseBuilder.php(2309): CodeIgniter\Database\BaseConnection->query('INSERT INTO `ma...', Array, false)
#4 C:\xampp\htdocs\codeigniter4-framework\system\Model.php(330): CodeIgniter\Database\BaseBuilder->insert()
#5 C:\xampp\htdocs\codeigniter4-framework\system\BaseModel.php(782): CodeIgniter\Model->doInsert(Array)
#6 C:\xampp\htdocs\codeigniter4-framework\system\Model.php(730): CodeIgniter\BaseModel->insert(Array, true)
#7 C:\xampp\htdocs\codeigniter4-framework\app\Controllers\Main.php(107): CodeIgniter\Model->insert(Array)
#8 C:\xampp\htdocs\codeigniter4-framework\system\CodeIgniter.php(934): App\Controllers\Main->saveMahasiswa()
#9 C:\xampp\htdocs\codeigniter4-framework\system\CodeIgniter.php(499): CodeIgniter\CodeIgniter->runController(Object(App\Controllers\Main))
#10 C:\xampp\htdocs\codeigniter4-framework\system\CodeIgniter.php(368): CodeIgniter\CodeIgniter->handleRequest(NULL, Object(Config\Cache), false)
#11 C:\xampp\htdocs\codeigniter4-framework\public\index.php(67): CodeIgniter\CodeIgniter->run()
#12 C:\xampp\htdocs\codeigniter4-framework\system\Commands\Server\rewrite.php(47): require_once('C:\\xampp\\htdocs...')
#13 {main}
ERROR - 2023-04-25 13:46:11 --> mysqli_sql_exception: Column 'tanggal_lahir' cannot be null in C:\xampp\htdocs\codeigniter4-framework\system\Database\MySQLi\Connection.php:295
Stack trace:
#0 C:\xampp\htdocs\codeigniter4-framework\system\Database\MySQLi\Connection.php(295): mysqli->query('INSERT INTO `ma...', 0)
#1 C:\xampp\htdocs\codeigniter4-framework\system\Database\BaseConnection.php(691): CodeIgniter\Database\MySQLi\Connection->execute('INSERT INTO `ma...')
#2 C:\xampp\htdocs\codeigniter4-framework\system\Database\BaseConnection.php(605): CodeIgniter\Database\BaseConnection->simpleQuery('INSERT INTO `ma...')
#3 C:\xampp\htdocs\codeigniter4-framework\system\Database\BaseBuilder.php(2309): CodeIgniter\Database\BaseConnection->query('INSERT INTO `ma...', Array, false)
#4 C:\xampp\htdocs\codeigniter4-framework\system\Model.php(330): CodeIgniter\Database\BaseBuilder->insert()
#5 C:\xampp\htdocs\codeigniter4-framework\system\BaseModel.php(782): CodeIgniter\Model->doInsert(Array)
#6 C:\xampp\htdocs\codeigniter4-framework\system\Model.php(730): CodeIgniter\BaseModel->insert(Array, true)
#7 C:\xampp\htdocs\codeigniter4-framework\app\Controllers\Main.php(105): CodeIgniter\Model->insert(Array)
#8 C:\xampp\htdocs\codeigniter4-framework\system\CodeIgniter.php(934): App\Controllers\Main->saveMahasiswa()
#9 C:\xampp\htdocs\codeigniter4-framework\system\CodeIgniter.php(499): CodeIgniter\CodeIgniter->runController(Object(App\Controllers\Main))
#10 C:\xampp\htdocs\codeigniter4-framework\system\CodeIgniter.php(368): CodeIgniter\CodeIgniter->handleRequest(NULL, Object(Config\Cache), false)
#11 C:\xampp\htdocs\codeigniter4-framework\public\index.php(67): CodeIgniter\CodeIgniter->run()
#12 C:\xampp\htdocs\codeigniter4-framework\system\Commands\Server\rewrite.php(47): require_once('C:\\xampp\\htdocs...')
#13 {main}
ERROR - 2023-04-25 13:46:32 --> mysqli_sql_exception: Column 'tanggal_lahir' cannot be null in C:\xampp\htdocs\codeigniter4-framework\system\Database\MySQLi\Connection.php:295
Stack trace:
#0 C:\xampp\htdocs\codeigniter4-framework\system\Database\MySQLi\Connection.php(295): mysqli->query('INSERT INTO `ma...', 0)
#1 C:\xampp\htdocs\codeigniter4-framework\system\Database\BaseConnection.php(691): CodeIgniter\Database\MySQLi\Connection->execute('INSERT INTO `ma...')
#2 C:\xampp\htdocs\codeigniter4-framework\system\Database\BaseConnection.php(605): CodeIgniter\Database\BaseConnection->simpleQuery('INSERT INTO `ma...')
#3 C:\xampp\htdocs\codeigniter4-framework\system\Database\BaseBuilder.php(2309): CodeIgniter\Database\BaseConnection->query('INSERT INTO `ma...', Array, false)
#4 C:\xampp\htdocs\codeigniter4-framework\system\Model.php(330): CodeIgniter\Database\BaseBuilder->insert()
#5 C:\xampp\htdocs\codeigniter4-framework\system\BaseModel.php(782): CodeIgniter\Model->doInsert(Array)
#6 C:\xampp\htdocs\codeigniter4-framework\system\Model.php(730): CodeIgniter\BaseModel->insert(Array, true)
#7 C:\xampp\htdocs\codeigniter4-framework\app\Controllers\Main.php(105): CodeIgniter\Model->insert(Array)
#8 C:\xampp\htdocs\codeigniter4-framework\system\CodeIgniter.php(934): App\Controllers\Main->saveMahasiswa()
#9 C:\xampp\htdocs\codeigniter4-framework\system\CodeIgniter.php(499): CodeIgniter\CodeIgniter->runController(Object(App\Controllers\Main))
#10 C:\xampp\htdocs\codeigniter4-framework\system\CodeIgniter.php(368): CodeIgniter\CodeIgniter->handleRequest(NULL, Object(Config\Cache), false)
#11 C:\xampp\htdocs\codeigniter4-framework\public\index.php(67): CodeIgniter\CodeIgniter->run()
#12 C:\xampp\htdocs\codeigniter4-framework\system\Commands\Server\rewrite.php(47): require_once('C:\\xampp\\htdocs...')
#13 {main}
ERROR - 2023-04-25 14:05:16 --> mysqli_sql_exception: Column 'tanggal_lahir' cannot be null in C:\xampp\htdocs\codeigniter4-framework\system\Database\MySQLi\Connection.php:295
Stack trace:
#0 C:\xampp\htdocs\codeigniter4-framework\system\Database\MySQLi\Connection.php(295): mysqli->query('INSERT INTO `ma...', 0)
#1 C:\xampp\htdocs\codeigniter4-framework\system\Database\BaseConnection.php(691): CodeIgniter\Database\MySQLi\Connection->execute('INSERT INTO `ma...')
#2 C:\xampp\htdocs\codeigniter4-framework\system\Database\BaseConnection.php(605): CodeIgniter\Database\BaseConnection->simpleQuery('INSERT INTO `ma...')
#3 C:\xampp\htdocs\codeigniter4-framework\system\Database\BaseBuilder.php(2309): CodeIgniter\Database\BaseConnection->query('INSERT INTO `ma...', Array, false)
#4 C:\xampp\htdocs\codeigniter4-framework\system\Model.php(330): CodeIgniter\Database\BaseBuilder->insert()
#5 C:\xampp\htdocs\codeigniter4-framework\system\BaseModel.php(782): CodeIgniter\Model->doInsert(Array)
#6 C:\xampp\htdocs\codeigniter4-framework\system\Model.php(730): CodeIgniter\BaseModel->insert(Array, true)
#7 C:\xampp\htdocs\codeigniter4-framework\app\Controllers\Main.php(105): CodeIgniter\Model->insert(Array)
#8 C:\xampp\htdocs\codeigniter4-framework\system\CodeIgniter.php(934): App\Controllers\Main->saveMahasiswa()
#9 C:\xampp\htdocs\codeigniter4-framework\system\CodeIgniter.php(499): CodeIgniter\CodeIgniter->runController(Object(App\Controllers\Main))
#10 C:\xampp\htdocs\codeigniter4-framework\system\CodeIgniter.php(368): CodeIgniter\CodeIgniter->handleRequest(NULL, Object(Config\Cache), false)
#11 C:\xampp\htdocs\codeigniter4-framework\public\index.php(67): CodeIgniter\CodeIgniter->run()
#12 C:\xampp\htdocs\codeigniter4-framework\system\Commands\Server\rewrite.php(47): require_once('C:\\xampp\\htdocs...')
#13 {main}
