CRITICAL - 2023-05-22 11:51:05 --> Undefined variable $row
in APPPATH\Views\cashier\cashier.php on line 64.
 1 APPPATH\Views\cashier\cashier.php(64): CodeIgniter\Debug\Exceptions->errorHandler(2, 'Undefined variable $row', 'APPPATH\\Views\\cashier\\cashier.php', 64)
 2 SYSTEMPATH\View\View.php(213): include('APPPATH\\Views\\cashier\\cashier.php')
 3 SYSTEMPATH\View\View.php(216): CodeIgniter\View\View->CodeIgniter\View\{closure}()
 4 SYSTEMPATH\Common.php(1184): CodeIgniter\View\View->render('cashier/cashier', [], true)
 5 APPPATH\Controllers\Pos.php(30): view('cashier/cashier', [...])
 6 SYSTEMPATH\CodeIgniter.php(934): App\Controllers\Pos->cashier()
 7 SYSTEMPATH\CodeIgniter.php(499): CodeIgniter\CodeIgniter->runController(Object(App\Controllers\Pos))
 8 SYSTEMPATH\CodeIgniter.php(368): CodeIgniter\CodeIgniter->handleRequest(null, Object(Config\Cache), false)
 9 FCPATH\index.php(67): CodeIgniter\CodeIgniter->run()
10 SYSTEMPATH\Commands\Server\rewrite.php(47): require_once('FCPATH\\index.php')
CRITICAL - 2023-05-22 11:52:06 --> Undefined variable $row
in APPPATH\Views\cashier\cashier.php on line 64.
 1 APPPATH\Views\cashier\cashier.php(64): CodeIgniter\Debug\Exceptions->errorHandler(2, 'Undefined variable $row', 'APPPATH\\Views\\cashier\\cashier.php', 64)
 2 SYSTEMPATH\View\View.php(213): include('APPPATH\\Views\\cashier\\cashier.php')
 3 SYSTEMPATH\View\View.php(216): CodeIgniter\View\View->CodeIgniter\View\{closure}()
 4 SYSTEMPATH\Common.php(1184): CodeIgniter\View\View->render('cashier/cashier', [], true)
 5 APPPATH\Controllers\Pos.php(30): view('cashier/cashier', [...])
 6 SYSTEMPATH\CodeIgniter.php(934): App\Controllers\Pos->cashier()
 7 SYSTEMPATH\CodeIgniter.php(499): CodeIgniter\CodeIgniter->runController(Object(App\Controllers\Pos))
 8 SYSTEMPATH\CodeIgniter.php(368): CodeIgniter\CodeIgniter->handleRequest(null, Object(Config\Cache), false)
 9 FCPATH\index.php(67): CodeIgniter\CodeIgniter->run()
10 SYSTEMPATH\Commands\Server\rewrite.php(47): require_once('FCPATH\\index.php')
CRITICAL - 2023-05-22 11:52:29 --> Undefined variable $row
in APPPATH\Views\cashier\cashier.php on line 64.
 1 APPPATH\Views\cashier\cashier.php(64): CodeIgniter\Debug\Exceptions->errorHandler(2, 'Undefined variable $row', 'APPPATH\\Views\\cashier\\cashier.php', 64)
 2 SYSTEMPATH\View\View.php(213): include('APPPATH\\Views\\cashier\\cashier.php')
 3 SYSTEMPATH\View\View.php(216): CodeIgniter\View\View->CodeIgniter\View\{closure}()
 4 SYSTEMPATH\Common.php(1184): CodeIgniter\View\View->render('cashier/cashier', [], true)
 5 APPPATH\Controllers\Pos.php(30): view('cashier/cashier', [...])
 6 SYSTEMPATH\CodeIgniter.php(934): App\Controllers\Pos->cashier()
 7 SYSTEMPATH\CodeIgniter.php(499): CodeIgniter\CodeIgniter->runController(Object(App\Controllers\Pos))
 8 SYSTEMPATH\CodeIgniter.php(368): CodeIgniter\CodeIgniter->handleRequest(null, Object(Config\Cache), false)
 9 FCPATH\index.php(67): CodeIgniter\CodeIgniter->run()
10 SYSTEMPATH\Commands\Server\rewrite.php(47): require_once('FCPATH\\index.php')
