CRITICAL - 2023-05-28 07:36:39 --> Undefined array key "2023-05-28"
in APPPATH\Views\cashier\cashier.php on line 17.
 1 APPPATH\Views\cashier\cashier.php(17): CodeIgniter\Debug\Exceptions->errorHandler(2, 'Undefined array key "2023-05-28"', 'APPPATH\\Views\\cashier\\cashier.php', 17)
 2 SYSTEMPATH\View\View.php(213): include('APPPATH\\Views\\cashier\\cashier.php')
 3 SYSTEMPATH\View\View.php(216): CodeIgniter\View\View->CodeIgniter\View\{closure}()
 4 SYSTEMPATH\Common.php(1184): CodeIgniter\View\View->render('cashier/cashier', [], true)
 5 APPPATH\Controllers\Pos.php(29): view('cashier/cashier', [...])
 6 SYSTEMPATH\CodeIgniter.php(934): App\Controllers\Pos->cashier()
 7 SYSTEMPATH\CodeIgniter.php(499): CodeIgniter\CodeIgniter->runController(Object(App\Controllers\Pos))
 8 SYSTEMPATH\CodeIgniter.php(368): CodeIgniter\CodeIgniter->handleRequest(null, Object(Config\Cache), false)
 9 FCPATH\index.php(67): CodeIgniter\CodeIgniter->run()
10 SYSTEMPATH\Commands\Server\rewrite.php(47): require_once('FCPATH\\index.php')
CRITICAL - 2023-05-28 07:38:13 --> Call to a member function getPost() on null
in APPPATH\Views\cashier\cashier.php on line 17.
 1 SYSTEMPATH\View\View.php(213): include()
 2 SYSTEMPATH\View\View.php(216): CodeIgniter\View\View->CodeIgniter\View\{closure}()
 3 SYSTEMPATH\Common.php(1184): CodeIgniter\View\View->render('cashier/cashier', [], true)
 4 APPPATH\Controllers\Pos.php(29): view('cashier/cashier', [...])
 5 SYSTEMPATH\CodeIgniter.php(934): App\Controllers\Pos->cashier()
 6 SYSTEMPATH\CodeIgniter.php(499): CodeIgniter\CodeIgniter->runController(Object(App\Controllers\Pos))
 7 SYSTEMPATH\CodeIgniter.php(368): CodeIgniter\CodeIgniter->handleRequest(null, Object(Config\Cache), false)
 8 FCPATH\index.php(67): CodeIgniter\CodeIgniter->run()
 9 SYSTEMPATH\Commands\Server\rewrite.php(47): require_once('FCPATH\\index.php')
CRITICAL - 2023-05-28 07:49:31 --> Attempt to read property "getPost" on null
in APPPATH\Views\cashier\cashier.php on line 17.
 1 APPPATH\Views\cashier\cashier.php(17): CodeIgniter\Debug\Exceptions->errorHandler(2, 'Attempt to read property "getPost" on null', 'APPPATH\\Views\\cashier\\cashier.php', 17)
 2 SYSTEMPATH\View\View.php(213): include('APPPATH\\Views\\cashier\\cashier.php')
 3 SYSTEMPATH\View\View.php(216): CodeIgniter\View\View->CodeIgniter\View\{closure}()
 4 SYSTEMPATH\Common.php(1184): CodeIgniter\View\View->render('cashier/cashier', [], true)
 5 APPPATH\Controllers\Pos.php(29): view('cashier/cashier', [...])
 6 SYSTEMPATH\CodeIgniter.php(934): App\Controllers\Pos->cashier()
 7 SYSTEMPATH\CodeIgniter.php(499): CodeIgniter\CodeIgniter->runController(Object(App\Controllers\Pos))
 8 SYSTEMPATH\CodeIgniter.php(368): CodeIgniter\CodeIgniter->handleRequest(null, Object(Config\Cache), false)
 9 FCPATH\index.php(67): CodeIgniter\CodeIgniter->run()
10 SYSTEMPATH\Commands\Server\rewrite.php(47): require_once('FCPATH\\index.php')
CRITICAL - 2023-05-28 07:50:30 --> Attempt to read property "getPost" on null
in APPPATH\Views\cashier\cashier.php on line 17.
 1 APPPATH\Views\cashier\cashier.php(17): CodeIgniter\Debug\Exceptions->errorHandler(2, 'Attempt to read property "getPost" on null', 'APPPATH\\Views\\cashier\\cashier.php', 17)
 2 SYSTEMPATH\View\View.php(213): include('APPPATH\\Views\\cashier\\cashier.php')
 3 SYSTEMPATH\View\View.php(216): CodeIgniter\View\View->CodeIgniter\View\{closure}()
 4 SYSTEMPATH\Common.php(1184): CodeIgniter\View\View->render('cashier/cashier', [], true)
 5 APPPATH\Controllers\Pos.php(29): view('cashier/cashier', [...])
 6 SYSTEMPATH\CodeIgniter.php(934): App\Controllers\Pos->cashier()
 7 SYSTEMPATH\CodeIgniter.php(499): CodeIgniter\CodeIgniter->runController(Object(App\Controllers\Pos))
 8 SYSTEMPATH\CodeIgniter.php(368): CodeIgniter\CodeIgniter->handleRequest(null, Object(Config\Cache), false)
 9 FCPATH\index.php(67): CodeIgniter\CodeIgniter->run()
10 SYSTEMPATH\Commands\Server\rewrite.php(47): require_once('FCPATH\\index.php')
CRITICAL - 2023-05-28 07:50:57 --> Call to a member function getPost() on null
in APPPATH\Views\cashier\cashier.php on line 17.
 1 SYSTEMPATH\View\View.php(213): include()
 2 SYSTEMPATH\View\View.php(216): CodeIgniter\View\View->CodeIgniter\View\{closure}()
 3 SYSTEMPATH\Common.php(1184): CodeIgniter\View\View->render('cashier/cashier', [], true)
 4 APPPATH\Controllers\Pos.php(29): view('cashier/cashier', [...])
 5 SYSTEMPATH\CodeIgniter.php(934): App\Controllers\Pos->cashier()
 6 SYSTEMPATH\CodeIgniter.php(499): CodeIgniter\CodeIgniter->runController(Object(App\Controllers\Pos))
 7 SYSTEMPATH\CodeIgniter.php(368): CodeIgniter\CodeIgniter->handleRequest(null, Object(Config\Cache), false)
 8 FCPATH\index.php(67): CodeIgniter\CodeIgniter->run()
 9 SYSTEMPATH\Commands\Server\rewrite.php(47): require_once('FCPATH\\index.php')
CRITICAL - 2023-05-28 01:16:48 --> Undefined variable $date_sale
in APPPATH\Controllers\Pos.php on line 28.
 1 APPPATH\Controllers\Pos.php(28): CodeIgniter\Debug\Exceptions->errorHandler(2, 'Undefined variable $date_sale', 'APPPATH\\Controllers\\Pos.php', 28)
 2 SYSTEMPATH\CodeIgniter.php(934): App\Controllers\Pos->cashier()
 3 SYSTEMPATH\CodeIgniter.php(499): CodeIgniter\CodeIgniter->runController(Object(App\Controllers\Pos))
 4 SYSTEMPATH\CodeIgniter.php(368): CodeIgniter\CodeIgniter->handleRequest(null, Object(Config\Cache), false)
 5 FCPATH\index.php(67): CodeIgniter\CodeIgniter->run()
 6 SYSTEMPATH\Commands\Server\rewrite.php(47): require_once('FCPATH\\index.php')
ERROR - 2023-05-28 01:17:26 --> mysqli_sql_exception: You have an error in your SQL syntax; check the manual that corresponds to your MariaDB server version for the right syntax to use near '> ''' at line 1 in C:\xampp\htdocs\ci4-uts\uts_ci4\system\Database\MySQLi\Connection.php:295
Stack trace:
#0 C:\xampp\htdocs\ci4-uts\uts_ci4\system\Database\MySQLi\Connection.php(295): mysqli->query('SELECT MAX(fact...', 0)
#1 C:\xampp\htdocs\ci4-uts\uts_ci4\system\Database\BaseConnection.php(691): CodeIgniter\Database\MySQLi\Connection->execute('SELECT MAX(fact...')
#2 C:\xampp\htdocs\ci4-uts\uts_ci4\system\Database\BaseConnection.php(605): CodeIgniter\Database\BaseConnection->simpleQuery('SELECT MAX(fact...')
#3 C:\xampp\htdocs\ci4-uts\uts_ci4\app\Controllers\Pos.php(28): CodeIgniter\Database\BaseConnection->query('SELECT MAX(fact...')
#4 C:\xampp\htdocs\ci4-uts\uts_ci4\system\CodeIgniter.php(934): App\Controllers\Pos->cashier()
#5 C:\xampp\htdocs\ci4-uts\uts_ci4\system\CodeIgniter.php(499): CodeIgniter\CodeIgniter->runController(Object(App\Controllers\Pos))
#6 C:\xampp\htdocs\ci4-uts\uts_ci4\system\CodeIgniter.php(368): CodeIgniter\CodeIgniter->handleRequest(NULL, Object(Config\Cache), false)
#7 C:\xampp\htdocs\ci4-uts\uts_ci4\public\index.php(67): CodeIgniter\CodeIgniter->run()
#8 C:\xampp\htdocs\ci4-uts\uts_ci4\system\Commands\Server\rewrite.php(47): require_once('C:\\xampp\\htdocs...')
#9 {main}
CRITICAL - 2023-05-28 01:17:26 --> You have an error in your SQL syntax; check the manual that corresponds to your MariaDB server version for the right syntax to use near '> ''' at line 1
in SYSTEMPATH\Database\BaseConnection.php on line 645.
 1 APPPATH\Controllers\Pos.php(28): CodeIgniter\Database\BaseConnection->query('SELECT MAX(facture) AS facture FROM sale WHERE DATE_FORMAT(date_sale, \'%Y-%m-%d\') => \'\'')
 2 SYSTEMPATH\CodeIgniter.php(934): App\Controllers\Pos->cashier()
 3 SYSTEMPATH\CodeIgniter.php(499): CodeIgniter\CodeIgniter->runController(Object(App\Controllers\Pos))
 4 SYSTEMPATH\CodeIgniter.php(368): CodeIgniter\CodeIgniter->handleRequest(null, Object(Config\Cache), false)
 5 FCPATH\index.php(67): CodeIgniter\CodeIgniter->run()
 6 SYSTEMPATH\Commands\Server\rewrite.php(47): require_once('FCPATH\\index.php')
CRITICAL - 2023-05-28 01:18:05 --> Array to string conversion
in APPPATH\Controllers\Pos.php on line 39.
 1 APPPATH\Controllers\Pos.php(39): CodeIgniter\Debug\Exceptions->errorHandler(2, 'Array to string conversion', 'APPPATH\\Controllers\\Pos.php', 39)
 2 SYSTEMPATH\CodeIgniter.php(934): App\Controllers\Pos->cashier()
 3 SYSTEMPATH\CodeIgniter.php(499): CodeIgniter\CodeIgniter->runController(Object(App\Controllers\Pos))
 4 SYSTEMPATH\CodeIgniter.php(368): CodeIgniter\CodeIgniter->handleRequest(null, Object(Config\Cache), false)
 5 FCPATH\index.php(67): CodeIgniter\CodeIgniter->run()
 6 SYSTEMPATH\Commands\Server\rewrite.php(47): require_once('FCPATH\\index.php')
CRITICAL - 2023-05-28 08:21:16 --> Array to string conversion
in APPPATH\Views\cashier\cashier.php on line 13.
 1 APPPATH\Views\cashier\cashier.php(13): CodeIgniter\Debug\Exceptions->errorHandler(2, 'Array to string conversion', 'APPPATH\\Views\\cashier\\cashier.php', 13)
 2 SYSTEMPATH\View\View.php(213): include('APPPATH\\Views\\cashier\\cashier.php')
 3 SYSTEMPATH\View\View.php(216): CodeIgniter\View\View->CodeIgniter\View\{closure}()
 4 SYSTEMPATH\Common.php(1184): CodeIgniter\View\View->render('cashier/cashier', [], true)
 5 APPPATH\Controllers\Pos.php(42): view('cashier/cashier', [...])
 6 SYSTEMPATH\CodeIgniter.php(934): App\Controllers\Pos->cashier()
 7 SYSTEMPATH\CodeIgniter.php(499): CodeIgniter\CodeIgniter->runController(Object(App\Controllers\Pos))
 8 SYSTEMPATH\CodeIgniter.php(368): CodeIgniter\CodeIgniter->handleRequest(null, Object(Config\Cache), false)
 9 FCPATH\index.php(67): CodeIgniter\CodeIgniter->run()
10 SYSTEMPATH\Commands\Server\rewrite.php(47): require_once('FCPATH\\index.php')
CRITICAL - 2023-05-28 01:22:32 --> Undefined variable $facture
in APPPATH\Controllers\Pos.php on line 38.
 1 APPPATH\Controllers\Pos.php(38): CodeIgniter\Debug\Exceptions->errorHandler(2, 'Undefined variable $facture', 'APPPATH\\Controllers\\Pos.php', 38)
 2 SYSTEMPATH\CodeIgniter.php(934): App\Controllers\Pos->cashier()
 3 SYSTEMPATH\CodeIgniter.php(499): CodeIgniter\CodeIgniter->runController(Object(App\Controllers\Pos))
 4 SYSTEMPATH\CodeIgniter.php(368): CodeIgniter\CodeIgniter->handleRequest(null, Object(Config\Cache), false)
 5 FCPATH\index.php(67): CodeIgniter\CodeIgniter->run()
 6 SYSTEMPATH\Commands\Server\rewrite.php(47): require_once('FCPATH\\index.php')
CRITICAL - 2023-05-28 08:58:56 --> count(): Argument #1 ($value) must be of type Countable|array, null given
in APPPATH\Views\cashier\cashier.php on line 68.
 1 SYSTEMPATH\View\View.php(213): include()
 2 SYSTEMPATH\View\View.php(216): CodeIgniter\View\View->CodeIgniter\View\{closure}()
 3 SYSTEMPATH\Common.php(1184): CodeIgniter\View\View->render('cashier/cashier', [], true)
 4 APPPATH\Controllers\Pos.php(63): view('cashier/cashier', [...])
 5 SYSTEMPATH\CodeIgniter.php(934): App\Controllers\Pos->cashier()
 6 SYSTEMPATH\CodeIgniter.php(499): CodeIgniter\CodeIgniter->runController(Object(App\Controllers\Pos))
 7 SYSTEMPATH\CodeIgniter.php(368): CodeIgniter\CodeIgniter->handleRequest(null, Object(Config\Cache), false)
 8 FCPATH\index.php(67): CodeIgniter\CodeIgniter->run()
 9 SYSTEMPATH\Commands\Server\rewrite.php(47): require_once('FCPATH\\index.php')
CRITICAL - 2023-05-28 08:59:16 --> Undefined variable $datadetail
in APPPATH\Views\cashier\cashier.php on line 69.
 1 APPPATH\Views\cashier\cashier.php(69): CodeIgniter\Debug\Exceptions->errorHandler(2, 'Undefined variable $datadetail', 'APPPATH\\Views\\cashier\\cashier.php', 69)
 2 SYSTEMPATH\View\View.php(213): include('APPPATH\\Views\\cashier\\cashier.php')
 3 SYSTEMPATH\View\View.php(216): CodeIgniter\View\View->CodeIgniter\View\{closure}()
 4 SYSTEMPATH\Common.php(1184): CodeIgniter\View\View->render('cashier/cashier', [], true)
 5 APPPATH\Controllers\Pos.php(63): view('cashier/cashier', [...])
 6 SYSTEMPATH\CodeIgniter.php(934): App\Controllers\Pos->cashier()
 7 SYSTEMPATH\CodeIgniter.php(499): CodeIgniter\CodeIgniter->runController(Object(App\Controllers\Pos))
 8 SYSTEMPATH\CodeIgniter.php(368): CodeIgniter\CodeIgniter->handleRequest(null, Object(Config\Cache), false)
 9 FCPATH\index.php(67): CodeIgniter\CodeIgniter->run()
10 SYSTEMPATH\Commands\Server\rewrite.php(47): require_once('FCPATH\\index.php')
CRITICAL - 2023-05-28 02:00:07 --> Attempt to assign property "datadetSale" on array
in APPPATH\Controllers\Pos.php on line 54.
 1 SYSTEMPATH\CodeIgniter.php(934): App\Controllers\Pos->cashier()
 2 SYSTEMPATH\CodeIgniter.php(499): CodeIgniter\CodeIgniter->runController(Object(App\Controllers\Pos))
 3 SYSTEMPATH\CodeIgniter.php(368): CodeIgniter\CodeIgniter->handleRequest(null, Object(Config\Cache), false)
 4 FCPATH\index.php(67): CodeIgniter\CodeIgniter->run()
 5 SYSTEMPATH\Commands\Server\rewrite.php(47): require_once('FCPATH\\index.php')
CRITICAL - 2023-05-28 09:12:31 --> Call to undefined method App\Models\detailModel::getResultArray
in SYSTEMPATH\Model.php on line 842.
 1 APPPATH\Views\cashier\cashier.php(69): CodeIgniter\Model->__call('getResultArray', [])
 2 SYSTEMPATH\View\View.php(213): include('APPPATH\\Views\\cashier\\cashier.php')
 3 SYSTEMPATH\View\View.php(216): CodeIgniter\View\View->CodeIgniter\View\{closure}()
 4 SYSTEMPATH\Common.php(1184): CodeIgniter\View\View->render('cashier/cashier', [], true)
 5 APPPATH\Controllers\Pos.php(57): view('cashier/cashier', [...])
 6 SYSTEMPATH\CodeIgniter.php(934): App\Controllers\Pos->cashier()
 7 SYSTEMPATH\CodeIgniter.php(499): CodeIgniter\CodeIgniter->runController(Object(App\Controllers\Pos))
 8 SYSTEMPATH\CodeIgniter.php(368): CodeIgniter\CodeIgniter->handleRequest(null, Object(Config\Cache), false)
 9 FCPATH\index.php(67): CodeIgniter\CodeIgniter->run()
10 SYSTEMPATH\Commands\Server\rewrite.php(47): require_once('FCPATH\\index.php')
CRITICAL - 2023-05-28 09:13:51 --> count(): Argument #1 ($value) must be of type Countable|array, null given
in APPPATH\Views\cashier\cashier.php on line 68.
 1 SYSTEMPATH\View\View.php(213): include()
 2 SYSTEMPATH\View\View.php(216): CodeIgniter\View\View->CodeIgniter\View\{closure}()
 3 SYSTEMPATH\Common.php(1184): CodeIgniter\View\View->render('cashier/cashier', [], true)
 4 APPPATH\Controllers\Pos.php(57): view('cashier/cashier', [...])
 5 SYSTEMPATH\CodeIgniter.php(934): App\Controllers\Pos->cashier()
 6 SYSTEMPATH\CodeIgniter.php(499): CodeIgniter\CodeIgniter->runController(Object(App\Controllers\Pos))
 7 SYSTEMPATH\CodeIgniter.php(368): CodeIgniter\CodeIgniter->handleRequest(null, Object(Config\Cache), false)
 8 FCPATH\index.php(67): CodeIgniter\CodeIgniter->run()
 9 SYSTEMPATH\Commands\Server\rewrite.php(47): require_once('FCPATH\\index.php')
CRITICAL - 2023-05-28 09:14:24 --> count(): Argument #1 ($value) must be of type Countable|array, App\Models\detailModel given
in APPPATH\Views\cashier\cashier.php on line 68.
 1 SYSTEMPATH\View\View.php(213): include()
 2 SYSTEMPATH\View\View.php(216): CodeIgniter\View\View->CodeIgniter\View\{closure}()
 3 SYSTEMPATH\Common.php(1184): CodeIgniter\View\View->render('cashier/cashier', [], true)
 4 APPPATH\Controllers\Pos.php(57): view('cashier/cashier', [...])
 5 SYSTEMPATH\CodeIgniter.php(934): App\Controllers\Pos->cashier()
 6 SYSTEMPATH\CodeIgniter.php(499): CodeIgniter\CodeIgniter->runController(Object(App\Controllers\Pos))
 7 SYSTEMPATH\CodeIgniter.php(368): CodeIgniter\CodeIgniter->handleRequest(null, Object(Config\Cache), false)
 8 FCPATH\index.php(67): CodeIgniter\CodeIgniter->run()
 9 SYSTEMPATH\Commands\Server\rewrite.php(47): require_once('FCPATH\\index.php')
CRITICAL - 2023-05-28 09:14:51 --> Attempt to read property "code_book" on null
in APPPATH\Views\cashier\cashier.php on line 72.
 1 APPPATH\Views\cashier\cashier.php(72): CodeIgniter\Debug\Exceptions->errorHandler(2, 'Attempt to read property "code_book" on null', 'APPPATH\\Views\\cashier\\cashier.php', 72)
 2 SYSTEMPATH\View\View.php(213): include('APPPATH\\Views\\cashier\\cashier.php')
 3 SYSTEMPATH\View\View.php(216): CodeIgniter\View\View->CodeIgniter\View\{closure}()
 4 SYSTEMPATH\Common.php(1184): CodeIgniter\View\View->render('cashier/cashier', [], true)
 5 APPPATH\Controllers\Pos.php(57): view('cashier/cashier', [...])
 6 SYSTEMPATH\CodeIgniter.php(934): App\Controllers\Pos->cashier()
 7 SYSTEMPATH\CodeIgniter.php(499): CodeIgniter\CodeIgniter->runController(Object(App\Controllers\Pos))
 8 SYSTEMPATH\CodeIgniter.php(368): CodeIgniter\CodeIgniter->handleRequest(null, Object(Config\Cache), false)
 9 FCPATH\index.php(67): CodeIgniter\CodeIgniter->run()
10 SYSTEMPATH\Commands\Server\rewrite.php(47): require_once('FCPATH\\index.php')
CRITICAL - 2023-05-28 09:15:57 --> Attempt to read property "code_book" on null
in APPPATH\Views\cashier\cashier.php on line 72.
 1 APPPATH\Views\cashier\cashier.php(72): CodeIgniter\Debug\Exceptions->errorHandler(2, 'Attempt to read property "code_book" on null', 'APPPATH\\Views\\cashier\\cashier.php', 72)
 2 SYSTEMPATH\View\View.php(213): include('APPPATH\\Views\\cashier\\cashier.php')
 3 SYSTEMPATH\View\View.php(216): CodeIgniter\View\View->CodeIgniter\View\{closure}()
 4 SYSTEMPATH\Common.php(1184): CodeIgniter\View\View->render('cashier/cashier', [], true)
 5 APPPATH\Controllers\Pos.php(57): view('cashier/cashier', [...])
 6 SYSTEMPATH\CodeIgniter.php(934): App\Controllers\Pos->cashier()
 7 SYSTEMPATH\CodeIgniter.php(499): CodeIgniter\CodeIgniter->runController(Object(App\Controllers\Pos))
 8 SYSTEMPATH\CodeIgniter.php(368): CodeIgniter\CodeIgniter->handleRequest(null, Object(Config\Cache), false)
 9 FCPATH\index.php(67): CodeIgniter\CodeIgniter->run()
10 SYSTEMPATH\Commands\Server\rewrite.php(47): require_once('FCPATH\\index.php')
CRITICAL - 2023-05-28 09:16:41 --> Attempt to read property "code_book" on null
in APPPATH\Views\cashier\cashier.php on line 72.
 1 APPPATH\Views\cashier\cashier.php(72): CodeIgniter\Debug\Exceptions->errorHandler(2, 'Attempt to read property "code_book" on null', 'APPPATH\\Views\\cashier\\cashier.php', 72)
 2 SYSTEMPATH\View\View.php(213): include('APPPATH\\Views\\cashier\\cashier.php')
 3 SYSTEMPATH\View\View.php(216): CodeIgniter\View\View->CodeIgniter\View\{closure}()
 4 SYSTEMPATH\Common.php(1184): CodeIgniter\View\View->render('cashier/cashier', [], true)
 5 APPPATH\Controllers\Pos.php(57): view('cashier/cashier', [...])
 6 SYSTEMPATH\CodeIgniter.php(934): App\Controllers\Pos->cashier()
 7 SYSTEMPATH\CodeIgniter.php(499): CodeIgniter\CodeIgniter->runController(Object(App\Controllers\Pos))
 8 SYSTEMPATH\CodeIgniter.php(368): CodeIgniter\CodeIgniter->handleRequest(null, Object(Config\Cache), false)
 9 FCPATH\index.php(67): CodeIgniter\CodeIgniter->run()
10 SYSTEMPATH\Commands\Server\rewrite.php(47): require_once('FCPATH\\index.php')
CRITICAL - 2023-05-28 09:17:53 --> foreach() argument must be of type array|object, null given
in APPPATH\Views\cashier\cashier.php on line 69.
 1 APPPATH\Views\cashier\cashier.php(69): CodeIgniter\Debug\Exceptions->errorHandler(2, 'foreach() argument must be of type array|object, null given', 'APPPATH\\Views\\cashier\\cashier.php', 69)
 2 SYSTEMPATH\View\View.php(213): include('APPPATH\\Views\\cashier\\cashier.php')
 3 SYSTEMPATH\View\View.php(216): CodeIgniter\View\View->CodeIgniter\View\{closure}()
 4 SYSTEMPATH\Common.php(1184): CodeIgniter\View\View->render('cashier/cashier', [], true)
 5 APPPATH\Controllers\Pos.php(57): view('cashier/cashier', [...])
 6 SYSTEMPATH\CodeIgniter.php(934): App\Controllers\Pos->cashier()
 7 SYSTEMPATH\CodeIgniter.php(499): CodeIgniter\CodeIgniter->runController(Object(App\Controllers\Pos))
 8 SYSTEMPATH\CodeIgniter.php(368): CodeIgniter\CodeIgniter->handleRequest(null, Object(Config\Cache), false)
 9 FCPATH\index.php(67): CodeIgniter\CodeIgniter->run()
10 SYSTEMPATH\Commands\Server\rewrite.php(47): require_once('FCPATH\\index.php')
CRITICAL - 2023-05-28 09:19:20 --> Attempt to read property "code_book" on null
in APPPATH\Views\cashier\cashier.php on line 72.
 1 APPPATH\Views\cashier\cashier.php(72): CodeIgniter\Debug\Exceptions->errorHandler(2, 'Attempt to read property "code_book" on null', 'APPPATH\\Views\\cashier\\cashier.php', 72)
 2 SYSTEMPATH\View\View.php(213): include('APPPATH\\Views\\cashier\\cashier.php')
 3 SYSTEMPATH\View\View.php(216): CodeIgniter\View\View->CodeIgniter\View\{closure}()
 4 SYSTEMPATH\Common.php(1184): CodeIgniter\View\View->render('cashier/cashier', [], true)
 5 APPPATH\Controllers\Pos.php(55): view('cashier/cashier', [...])
 6 SYSTEMPATH\CodeIgniter.php(934): App\Controllers\Pos->cashier()
 7 SYSTEMPATH\CodeIgniter.php(499): CodeIgniter\CodeIgniter->runController(Object(App\Controllers\Pos))
 8 SYSTEMPATH\CodeIgniter.php(368): CodeIgniter\CodeIgniter->handleRequest(null, Object(Config\Cache), false)
 9 FCPATH\index.php(67): CodeIgniter\CodeIgniter->run()
10 SYSTEMPATH\Commands\Server\rewrite.php(47): require_once('FCPATH\\index.php')
CRITICAL - 2023-05-28 09:20:46 --> Attempt to read property "code_book" on null
in APPPATH\Views\cashier\cashier.php on line 72.
 1 APPPATH\Views\cashier\cashier.php(72): CodeIgniter\Debug\Exceptions->errorHandler(2, 'Attempt to read property "code_book" on null', 'APPPATH\\Views\\cashier\\cashier.php', 72)
 2 SYSTEMPATH\View\View.php(213): include('APPPATH\\Views\\cashier\\cashier.php')
 3 SYSTEMPATH\View\View.php(216): CodeIgniter\View\View->CodeIgniter\View\{closure}()
 4 SYSTEMPATH\Common.php(1184): CodeIgniter\View\View->render('cashier/cashier', [], true)
 5 APPPATH\Controllers\Pos.php(55): view('cashier/cashier', [...])
 6 SYSTEMPATH\CodeIgniter.php(934): App\Controllers\Pos->cashier()
 7 SYSTEMPATH\CodeIgniter.php(499): CodeIgniter\CodeIgniter->runController(Object(App\Controllers\Pos))
 8 SYSTEMPATH\CodeIgniter.php(368): CodeIgniter\CodeIgniter->handleRequest(null, Object(Config\Cache), false)
 9 FCPATH\index.php(67): CodeIgniter\CodeIgniter->run()
10 SYSTEMPATH\Commands\Server\rewrite.php(47): require_once('FCPATH\\index.php')
CRITICAL - 2023-05-28 09:21:12 --> Attempt to read property "code_book" on null
in APPPATH\Views\cashier\cashier.php on line 72.
 1 APPPATH\Views\cashier\cashier.php(72): CodeIgniter\Debug\Exceptions->errorHandler(2, 'Attempt to read property "code_book" on null', 'APPPATH\\Views\\cashier\\cashier.php', 72)
 2 SYSTEMPATH\View\View.php(213): include('APPPATH\\Views\\cashier\\cashier.php')
 3 SYSTEMPATH\View\View.php(216): CodeIgniter\View\View->CodeIgniter\View\{closure}()
 4 SYSTEMPATH\Common.php(1184): CodeIgniter\View\View->render('cashier/cashier', [], true)
 5 APPPATH\Controllers\Pos.php(55): view('cashier/cashier', [...])
 6 SYSTEMPATH\CodeIgniter.php(934): App\Controllers\Pos->cashier()
 7 SYSTEMPATH\CodeIgniter.php(499): CodeIgniter\CodeIgniter->runController(Object(App\Controllers\Pos))
 8 SYSTEMPATH\CodeIgniter.php(368): CodeIgniter\CodeIgniter->handleRequest(null, Object(Config\Cache), false)
 9 FCPATH\index.php(67): CodeIgniter\CodeIgniter->run()
10 SYSTEMPATH\Commands\Server\rewrite.php(47): require_once('FCPATH\\index.php')
CRITICAL - 2023-05-28 09:22:15 --> Attempt to read property "code_book" on null
in APPPATH\Views\cashier\cashier.php on line 72.
 1 APPPATH\Views\cashier\cashier.php(72): CodeIgniter\Debug\Exceptions->errorHandler(2, 'Attempt to read property "code_book" on null', 'APPPATH\\Views\\cashier\\cashier.php', 72)
 2 SYSTEMPATH\View\View.php(213): include('APPPATH\\Views\\cashier\\cashier.php')
 3 SYSTEMPATH\View\View.php(216): CodeIgniter\View\View->CodeIgniter\View\{closure}()
 4 SYSTEMPATH\Common.php(1184): CodeIgniter\View\View->render('cashier/cashier', [], true)
 5 APPPATH\Controllers\Pos.php(55): view('cashier/cashier', [...])
 6 SYSTEMPATH\CodeIgniter.php(934): App\Controllers\Pos->cashier()
 7 SYSTEMPATH\CodeIgniter.php(499): CodeIgniter\CodeIgniter->runController(Object(App\Controllers\Pos))
 8 SYSTEMPATH\CodeIgniter.php(368): CodeIgniter\CodeIgniter->handleRequest(null, Object(Config\Cache), false)
 9 FCPATH\index.php(67): CodeIgniter\CodeIgniter->run()
10 SYSTEMPATH\Commands\Server\rewrite.php(47): require_once('FCPATH\\index.php')
