CRITICAL - 2023-05-20 08:06:33 --> Undefined property: App\Controllers\Home::$data
in APPPATH\Controllers\Home.php on line 97.
 1 APPPATH\Controllers\Home.php(97): CodeIgniter\Debug\Exceptions->errorHandler(2, 'Undefined property: App\\Controllers\\Home::$data', 'APPPATH\\Controllers\\Home.php', 97)
 2 SYSTEMPATH\CodeIgniter.php(934): App\Controllers\Home->beranda()
 3 SYSTEMPATH\CodeIgniter.php(499): CodeIgniter\CodeIgniter->runController(Object(App\Controllers\Home))
 4 SYSTEMPATH\CodeIgniter.php(368): CodeIgniter\CodeIgniter->handleRequest(null, Object(Config\Cache), false)
 5 FCPATH\index.php(67): CodeIgniter\CodeIgniter->run()
 6 SYSTEMPATH\Commands\Server\rewrite.php(47): require_once('FCPATH\\index.php')
CRITICAL - 2023-05-20 08:10:27 --> Undefined variable $session
in APPPATH\Views\templates\header.php on line 76.
 1 APPPATH\Views\templates\header.php(76): CodeIgniter\Debug\Exceptions->errorHandler(2, 'Undefined variable $session', 'APPPATH\\Views\\templates\\header.php', 76)
 2 SYSTEMPATH\View\View.php(213): include('APPPATH\\Views\\templates\\header.php')
 3 SYSTEMPATH\View\View.php(216): CodeIgniter\View\View->CodeIgniter\View\{closure}()
 4 SYSTEMPATH\Common.php(1184): CodeIgniter\View\View->render('templates/header', [], true)
 5 APPPATH\Controllers\Home.php(97): view('templates/header')
 6 SYSTEMPATH\CodeIgniter.php(934): App\Controllers\Home->beranda()
 7 SYSTEMPATH\CodeIgniter.php(499): CodeIgniter\CodeIgniter->runController(Object(App\Controllers\Home))
 8 SYSTEMPATH\CodeIgniter.php(368): CodeIgniter\CodeIgniter->handleRequest(null, Object(Config\Cache), false)
 9 FCPATH\index.php(67): CodeIgniter\CodeIgniter->run()
10 SYSTEMPATH\Commands\Server\rewrite.php(47): require_once('FCPATH\\index.php')
CRITICAL - 2023-05-20 08:11:11 --> view(): Argument #2 ($data) must be of type array, null given, called in C:\xampp\htdocs\ci4-uts\uts_ci4\app\Controllers\Home.php on line 103
in SYSTEMPATH\Common.php on line 1172.
 1 APPPATH\Controllers\Home.php(103): view('templates/header', null)
 2 SYSTEMPATH\CodeIgniter.php(934): App\Controllers\Home->beranda()
 3 SYSTEMPATH\CodeIgniter.php(499): CodeIgniter\CodeIgniter->runController(Object(App\Controllers\Home))
 4 SYSTEMPATH\CodeIgniter.php(368): CodeIgniter\CodeIgniter->handleRequest(null, Object(Config\Cache), false)
 5 FCPATH\index.php(67): CodeIgniter\CodeIgniter->run()
 6 SYSTEMPATH\Commands\Server\rewrite.php(47): require_once('FCPATH\\index.php')
CRITICAL - 2023-05-20 08:14:29 --> syntax error, unexpected token "protected"
in APPPATH\Controllers\Home.php on line 99.
 1 SYSTEMPATH\Autoloader\Autoloader.php(289): CodeIgniter\Autoloader\Autoloader->includeFile('APPPATH\\Controllers\\Home.php')
 2 SYSTEMPATH\Autoloader\Autoloader.php(267): CodeIgniter\Autoloader\Autoloader->loadInNamespace('App\\Controllers\\Home')
 3 [internal function]: CodeIgniter\Autoloader\Autoloader->loadClass('App\\Controllers\\Home')
 4 SYSTEMPATH\CodeIgniter.php(892): class_exists('\\App\\Controllers\\Home', true)
 5 SYSTEMPATH\CodeIgniter.php(486): CodeIgniter\CodeIgniter->startController()
 6 SYSTEMPATH\CodeIgniter.php(368): CodeIgniter\CodeIgniter->handleRequest(null, Object(Config\Cache), false)
 7 FCPATH\index.php(67): CodeIgniter\CodeIgniter->run()
 8 SYSTEMPATH\Commands\Server\rewrite.php(47): require_once('FCPATH\\index.php')
CRITICAL - 2023-05-20 09:20:12 --> Class "App\Controllers\employeeModel" not found
in APPPATH\Controllers\Pos.php on line 18.
 1 SYSTEMPATH\CodeIgniter.php(906): App\Controllers\Pos->__construct()
 2 SYSTEMPATH\CodeIgniter.php(490): CodeIgniter\CodeIgniter->createController()
 3 SYSTEMPATH\CodeIgniter.php(368): CodeIgniter\CodeIgniter->handleRequest(null, Object(Config\Cache), false)
 4 FCPATH\index.php(67): CodeIgniter\CodeIgniter->run()
 5 SYSTEMPATH\Commands\Server\rewrite.php(47): require_once('FCPATH\\index.php')
CRITICAL - 2023-05-20 09:21:05 --> Invalid file: "pos/create.php"
in SYSTEMPATH\Exceptions\FrameworkException.php on line 33.
 1 SYSTEMPATH\View\View.php(201): CodeIgniter\Exceptions\FrameworkException::forInvalidFile('pos/create.php')
 2 SYSTEMPATH\Common.php(1184): CodeIgniter\View\View->render('pos/create', [], true)
 3 APPPATH\Controllers\Pos.php(22): view('pos/create', [...])
 4 SYSTEMPATH\CodeIgniter.php(934): App\Controllers\Pos->cashier()
 5 SYSTEMPATH\CodeIgniter.php(499): CodeIgniter\CodeIgniter->runController(Object(App\Controllers\Pos))
 6 SYSTEMPATH\CodeIgniter.php(368): CodeIgniter\CodeIgniter->handleRequest(null, Object(Config\Cache), false)
 7 FCPATH\index.php(67): CodeIgniter\CodeIgniter->run()
 8 SYSTEMPATH\Commands\Server\rewrite.php(47): require_once('FCPATH\\index.php')
CRITICAL - 2023-05-20 09:29:47 --> Invalid file: "pos/create.php"
in SYSTEMPATH\Exceptions\FrameworkException.php on line 33.
 1 SYSTEMPATH\View\View.php(201): CodeIgniter\Exceptions\FrameworkException::forInvalidFile('pos/create.php')
 2 SYSTEMPATH\Common.php(1184): CodeIgniter\View\View->render('pos/create', [], true)
 3 APPPATH\Controllers\Pos.php(22): view('pos/create', [...])
 4 SYSTEMPATH\CodeIgniter.php(934): App\Controllers\Pos->cashier()
 5 SYSTEMPATH\CodeIgniter.php(499): CodeIgniter\CodeIgniter->runController(Object(App\Controllers\Pos))
 6 SYSTEMPATH\CodeIgniter.php(368): CodeIgniter\CodeIgniter->handleRequest(null, Object(Config\Cache), false)
 7 FCPATH\index.php(67): CodeIgniter\CodeIgniter->run()
 8 SYSTEMPATH\Commands\Server\rewrite.php(47): require_once('FCPATH\\index.php')
CRITICAL - 2023-05-20 09:34:50 --> Invalid file: "pos/index.php"
in SYSTEMPATH\Exceptions\FrameworkException.php on line 33.
 1 SYSTEMPATH\View\View.php(201): CodeIgniter\Exceptions\FrameworkException::forInvalidFile('pos/index.php')
 2 SYSTEMPATH\Common.php(1184): CodeIgniter\View\View->render('pos/index', [], true)
 3 APPPATH\Controllers\Pos.php(22): view('pos/index', [...])
 4 SYSTEMPATH\CodeIgniter.php(934): App\Controllers\Pos->index()
 5 SYSTEMPATH\CodeIgniter.php(499): CodeIgniter\CodeIgniter->runController(Object(App\Controllers\Pos))
 6 SYSTEMPATH\CodeIgniter.php(368): CodeIgniter\CodeIgniter->handleRequest(null, Object(Config\Cache), false)
 7 FCPATH\index.php(67): CodeIgniter\CodeIgniter->run()
 8 SYSTEMPATH\Commands\Server\rewrite.php(47): require_once('FCPATH\\index.php')
CRITICAL - 2023-05-20 09:35:48 --> Invalid file: "pos/cashier.php"
in SYSTEMPATH\Exceptions\FrameworkException.php on line 33.
 1 SYSTEMPATH\View\View.php(201): CodeIgniter\Exceptions\FrameworkException::forInvalidFile('pos/cashier.php')
 2 SYSTEMPATH\Common.php(1184): CodeIgniter\View\View->render('pos/cashier', [], true)
 3 APPPATH\Controllers\Pos.php(22): view('pos/cashier', [...])
 4 SYSTEMPATH\CodeIgniter.php(934): App\Controllers\Pos->cashier()
 5 SYSTEMPATH\CodeIgniter.php(499): CodeIgniter\CodeIgniter->runController(Object(App\Controllers\Pos))
 6 SYSTEMPATH\CodeIgniter.php(368): CodeIgniter\CodeIgniter->handleRequest(null, Object(Config\Cache), false)
 7 FCPATH\index.php(67): CodeIgniter\CodeIgniter->run()
 8 SYSTEMPATH\Commands\Server\rewrite.php(47): require_once('FCPATH\\index.php')
CRITICAL - 2023-05-20 09:36:15 --> Invalid file: "pos/cashier.php"
in SYSTEMPATH\Exceptions\FrameworkException.php on line 33.
 1 SYSTEMPATH\View\View.php(201): CodeIgniter\Exceptions\FrameworkException::forInvalidFile('pos/cashier.php')
 2 SYSTEMPATH\Common.php(1184): CodeIgniter\View\View->render('pos/cashier', [], true)
 3 APPPATH\Controllers\Pos.php(22): view('pos/cashier', [...])
 4 SYSTEMPATH\CodeIgniter.php(934): App\Controllers\Pos->cashier()
 5 SYSTEMPATH\CodeIgniter.php(499): CodeIgniter\CodeIgniter->runController(Object(App\Controllers\Pos))
 6 SYSTEMPATH\CodeIgniter.php(368): CodeIgniter\CodeIgniter->handleRequest(null, Object(Config\Cache), false)
 7 FCPATH\index.php(67): CodeIgniter\CodeIgniter->run()
 8 SYSTEMPATH\Commands\Server\rewrite.php(47): require_once('FCPATH\\index.php')
CRITICAL - 2023-05-20 09:38:12 --> Call to undefined function get_user()
in APPPATH\Views\cashier\cashier.php on line 15.
 1 SYSTEMPATH\View\View.php(213): include()
 2 SYSTEMPATH\View\View.php(216): CodeIgniter\View\View->CodeIgniter\View\{closure}()
 3 SYSTEMPATH\Common.php(1184): CodeIgniter\View\View->render('cashier/cashier', [], true)
 4 APPPATH\Controllers\Pos.php(22): view('cashier/cashier', [...])
 5 SYSTEMPATH\CodeIgniter.php(934): App\Controllers\Pos->cashier()
 6 SYSTEMPATH\CodeIgniter.php(499): CodeIgniter\CodeIgniter->runController(Object(App\Controllers\Pos))
 7 SYSTEMPATH\CodeIgniter.php(368): CodeIgniter\CodeIgniter->handleRequest(null, Object(Config\Cache), false)
 8 FCPATH\index.php(67): CodeIgniter\CodeIgniter->run()
 9 SYSTEMPATH\Commands\Server\rewrite.php(47): require_once('FCPATH\\index.php')
CRITICAL - 2023-05-20 09:38:15 --> Call to undefined function get_user()
in APPPATH\Views\cashier\cashier.php on line 15.
 1 SYSTEMPATH\View\View.php(213): include()
 2 SYSTEMPATH\View\View.php(216): CodeIgniter\View\View->CodeIgniter\View\{closure}()
 3 SYSTEMPATH\Common.php(1184): CodeIgniter\View\View->render('cashier/cashier', [], true)
 4 APPPATH\Controllers\Pos.php(22): view('cashier/cashier', [...])
 5 SYSTEMPATH\CodeIgniter.php(934): App\Controllers\Pos->cashier()
 6 SYSTEMPATH\CodeIgniter.php(499): CodeIgniter\CodeIgniter->runController(Object(App\Controllers\Pos))
 7 SYSTEMPATH\CodeIgniter.php(368): CodeIgniter\CodeIgniter->handleRequest(null, Object(Config\Cache), false)
 8 FCPATH\index.php(67): CodeIgniter\CodeIgniter->run()
 9 SYSTEMPATH\Commands\Server\rewrite.php(47): require_once('FCPATH\\index.php')
CRITICAL - 2023-05-20 09:38:29 --> Call to undefined function get_user()
in APPPATH\Views\cashier\cashier.php on line 15.
 1 SYSTEMPATH\View\View.php(213): include()
 2 SYSTEMPATH\View\View.php(216): CodeIgniter\View\View->CodeIgniter\View\{closure}()
 3 SYSTEMPATH\Common.php(1184): CodeIgniter\View\View->render('cashier/cashier', [], true)
 4 APPPATH\Controllers\Pos.php(22): view('cashier/cashier', [...])
 5 SYSTEMPATH\CodeIgniter.php(934): App\Controllers\Pos->cashier()
 6 SYSTEMPATH\CodeIgniter.php(499): CodeIgniter\CodeIgniter->runController(Object(App\Controllers\Pos))
 7 SYSTEMPATH\CodeIgniter.php(368): CodeIgniter\CodeIgniter->handleRequest(null, Object(Config\Cache), false)
 8 FCPATH\index.php(67): CodeIgniter\CodeIgniter->run()
 9 SYSTEMPATH\Commands\Server\rewrite.php(47): require_once('FCPATH\\index.php')
CRITICAL - 2023-05-20 09:41:15 --> Call to undefined function get_user()
in APPPATH\Views\cashier\cashier.php on line 15.
 1 SYSTEMPATH\View\View.php(213): include()
 2 SYSTEMPATH\View\View.php(216): CodeIgniter\View\View->CodeIgniter\View\{closure}()
 3 SYSTEMPATH\Common.php(1184): CodeIgniter\View\View->render('cashier/cashier', [], true)
 4 APPPATH\Controllers\Pos.php(22): view('cashier/cashier', [...])
 5 SYSTEMPATH\CodeIgniter.php(934): App\Controllers\Pos->cashier()
 6 SYSTEMPATH\CodeIgniter.php(499): CodeIgniter\CodeIgniter->runController(Object(App\Controllers\Pos))
 7 SYSTEMPATH\CodeIgniter.php(368): CodeIgniter\CodeIgniter->handleRequest(null, Object(Config\Cache), false)
 8 FCPATH\index.php(67): CodeIgniter\CodeIgniter->run()
 9 SYSTEMPATH\Commands\Server\rewrite.php(47): require_once('FCPATH\\index.php')
CRITICAL - 2023-05-20 09:41:46 --> Undefined variable $pelanggan
in APPPATH\Views\cashier\cashier.php on line 22.
 1 APPPATH\Views\cashier\cashier.php(22): CodeIgniter\Debug\Exceptions->errorHandler(2, 'Undefined variable $pelanggan', 'APPPATH\\Views\\cashier\\cashier.php', 22)
 2 SYSTEMPATH\View\View.php(213): include('APPPATH\\Views\\cashier\\cashier.php')
 3 SYSTEMPATH\View\View.php(216): CodeIgniter\View\View->CodeIgniter\View\{closure}()
 4 SYSTEMPATH\Common.php(1184): CodeIgniter\View\View->render('cashier/cashier', [], true)
 5 APPPATH\Controllers\Pos.php(22): view('cashier/cashier', [...])
 6 SYSTEMPATH\CodeIgniter.php(934): App\Controllers\Pos->cashier()
 7 SYSTEMPATH\CodeIgniter.php(499): CodeIgniter\CodeIgniter->runController(Object(App\Controllers\Pos))
 8 SYSTEMPATH\CodeIgniter.php(368): CodeIgniter\CodeIgniter->handleRequest(null, Object(Config\Cache), false)
 9 FCPATH\index.php(67): CodeIgniter\CodeIgniter->run()
10 SYSTEMPATH\Commands\Server\rewrite.php(47): require_once('FCPATH\\index.php')
