CRITICAL - 2023-05-18 04:25:30 --> Undefined constant "App\Controllers\password"
in APPPATH\Controllers\Home.php on line 72.
 1 SYSTEMPATH\CodeIgniter.php(934): App\Controllers\Home->login()
 2 SYSTEMPATH\CodeIgniter.php(499): CodeIgniter\CodeIgniter->runController(Object(App\Controllers\Home))
 3 SYSTEMPATH\CodeIgniter.php(368): CodeIgniter\CodeIgniter->handleRequest(null, Object(Config\Cache), false)
 4 FCPATH\index.php(67): CodeIgniter\CodeIgniter->run()
 5 SYSTEMPATH\Commands\Server\rewrite.php(47): require_once('FCPATH\\index.php')
CRITICAL - 2023-05-18 04:40:44 --> password_hash() expects at least 2 arguments, 1 given
in APPPATH\Controllers\Home.php on line 60.
 1 APPPATH\Controllers\Home.php(60): password_hash('1234')
 2 SYSTEMPATH\CodeIgniter.php(934): App\Controllers\Home->register()
 3 SYSTEMPATH\CodeIgniter.php(499): CodeIgniter\CodeIgniter->runController(Object(App\Controllers\Home))
 4 SYSTEMPATH\CodeIgniter.php(368): CodeIgniter\CodeIgniter->handleRequest(null, Object(Config\Cache), false)
 5 FCPATH\index.php(67): CodeIgniter\CodeIgniter->run()
 6 SYSTEMPATH\Commands\Server\rewrite.php(47): require_once('FCPATH\\index.php')
CRITICAL - 2023-05-18 05:27:46 --> Undefined constant "main"
in APPPATH\Views\templates\header.php on line 52.
 1 SYSTEMPATH\View\View.php(213): include()
 2 SYSTEMPATH\View\View.php(216): CodeIgniter\View\View->CodeIgniter\View\{closure}()
 3 SYSTEMPATH\Common.php(1184): CodeIgniter\View\View->render('templates/header', [], true)
 4 APPPATH\Controllers\Home.php(99): view('templates/header')
 5 SYSTEMPATH\CodeIgniter.php(934): App\Controllers\Home->beranda()
 6 SYSTEMPATH\CodeIgniter.php(499): CodeIgniter\CodeIgniter->runController(Object(App\Controllers\Home))
 7 SYSTEMPATH\CodeIgniter.php(368): CodeIgniter\CodeIgniter->handleRequest(null, Object(Config\Cache), false)
 8 FCPATH\index.php(67): CodeIgniter\CodeIgniter->run()
 9 SYSTEMPATH\Commands\Server\rewrite.php(47): require_once('FCPATH\\index.php')
CRITICAL - 2023-05-18 05:36:31 --> Undefined variable $session
in APPPATH\Views\templates\header.php on line 73.
 1 APPPATH\Views\templates\header.php(73): CodeIgniter\Debug\Exceptions->errorHandler(2, 'Undefined variable $session', 'APPPATH\\Views\\templates\\header.php', 73)
 2 SYSTEMPATH\View\View.php(213): include('APPPATH\\Views\\templates\\header.php')
 3 SYSTEMPATH\View\View.php(216): CodeIgniter\View\View->CodeIgniter\View\{closure}()
 4 SYSTEMPATH\Common.php(1184): CodeIgniter\View\View->render('templates/header', [], true)
 5 APPPATH\Controllers\Main.php(26): view('templates/header')
 6 SYSTEMPATH\CodeIgniter.php(934): App\Controllers\Main->stocks()
 7 SYSTEMPATH\CodeIgniter.php(499): CodeIgniter\CodeIgniter->runController(Object(App\Controllers\Main))
 8 SYSTEMPATH\CodeIgniter.php(368): CodeIgniter\CodeIgniter->handleRequest(null, Object(Config\Cache), false)
 9 FCPATH\index.php(67): CodeIgniter\CodeIgniter->run()
10 SYSTEMPATH\Commands\Server\rewrite.php(47): require_once('FCPATH\\index.php')
CRITICAL - 2023-05-18 05:51:29 --> Undefined property: App\Controllers\Home::$data
in APPPATH\Controllers\Home.php on line 99.
 1 APPPATH\Controllers\Home.php(99): CodeIgniter\Debug\Exceptions->errorHandler(2, 'Undefined property: App\\Controllers\\Home::$data', 'APPPATH\\Controllers\\Home.php', 99)
 2 SYSTEMPATH\CodeIgniter.php(934): App\Controllers\Home->beranda()
 3 SYSTEMPATH\CodeIgniter.php(499): CodeIgniter\CodeIgniter->runController(Object(App\Controllers\Home))
 4 SYSTEMPATH\CodeIgniter.php(368): CodeIgniter\CodeIgniter->handleRequest(null, Object(Config\Cache), false)
 5 FCPATH\index.php(67): CodeIgniter\CodeIgniter->run()
 6 SYSTEMPATH\Commands\Server\rewrite.php(47): require_once('FCPATH\\index.php')
CRITICAL - 2023-05-18 06:22:42 --> Undefined variable $session
in APPPATH\Views\templates\header.php on line 73.
 1 APPPATH\Views\templates\header.php(73): CodeIgniter\Debug\Exceptions->errorHandler(2, 'Undefined variable $session', 'APPPATH\\Views\\templates\\header.php', 73)
 2 SYSTEMPATH\View\View.php(213): include('APPPATH\\Views\\templates\\header.php')
 3 SYSTEMPATH\View\View.php(216): CodeIgniter\View\View->CodeIgniter\View\{closure}()
 4 SYSTEMPATH\Common.php(1184): CodeIgniter\View\View->render('templates/header', [], true)
 5 APPPATH\Controllers\Main.php(28): view('templates/header', [...])
 6 SYSTEMPATH\CodeIgniter.php(934): App\Controllers\Main->stocks()
 7 SYSTEMPATH\CodeIgniter.php(499): CodeIgniter\CodeIgniter->runController(Object(App\Controllers\Main))
 8 SYSTEMPATH\CodeIgniter.php(368): CodeIgniter\CodeIgniter->handleRequest(null, Object(Config\Cache), false)
 9 FCPATH\index.php(67): CodeIgniter\CodeIgniter->run()
10 SYSTEMPATH\Commands\Server\rewrite.php(47): require_once('FCPATH\\index.php')
CRITICAL - 2023-05-18 06:24:56 --> Undefined variable $session
in APPPATH\Views\templates\header.php on line 73.
 1 APPPATH\Views\templates\header.php(73): CodeIgniter\Debug\Exceptions->errorHandler(2, 'Undefined variable $session', 'APPPATH\\Views\\templates\\header.php', 73)
 2 SYSTEMPATH\View\View.php(213): include('APPPATH\\Views\\templates\\header.php')
 3 SYSTEMPATH\View\View.php(216): CodeIgniter\View\View->CodeIgniter\View\{closure}()
 4 SYSTEMPATH\Common.php(1184): CodeIgniter\View\View->render('templates/header', [], true)
 5 APPPATH\Controllers\Main.php(28): view('templates/header', [...])
 6 SYSTEMPATH\CodeIgniter.php(934): App\Controllers\Main->stocks()
 7 SYSTEMPATH\CodeIgniter.php(499): CodeIgniter\CodeIgniter->runController(Object(App\Controllers\Main))
 8 SYSTEMPATH\CodeIgniter.php(368): CodeIgniter\CodeIgniter->handleRequest(null, Object(Config\Cache), false)
 9 FCPATH\index.php(67): CodeIgniter\CodeIgniter->run()
10 SYSTEMPATH\Commands\Server\rewrite.php(47): require_once('FCPATH\\index.php')
CRITICAL - 2023-05-18 06:28:13 --> syntax error, unexpected token "foreach"
in APPPATH\Views\stocks\lists.php on line 18.
 1 SYSTEMPATH\View\View.php(216): CodeIgniter\View\View->CodeIgniter\View\{closure}()
 2 SYSTEMPATH\Common.php(1184): CodeIgniter\View\View->render('stocks/lists', [], true)
 3 APPPATH\Controllers\Main.php(31): view('stocks/lists', [...])
 4 SYSTEMPATH\CodeIgniter.php(934): App\Controllers\Main->stocks()
 5 SYSTEMPATH\CodeIgniter.php(499): CodeIgniter\CodeIgniter->runController(Object(App\Controllers\Main))
 6 SYSTEMPATH\CodeIgniter.php(368): CodeIgniter\CodeIgniter->handleRequest(null, Object(Config\Cache), false)
 7 FCPATH\index.php(67): CodeIgniter\CodeIgniter->run()
 8 SYSTEMPATH\Commands\Server\rewrite.php(47): require_once('FCPATH\\index.php')
ERROR - 2023-05-18 06:47:29 --> mysqli_sql_exception: You have an error in your SQL syntax; check the manual that corresponds to your MariaDB server version for the right syntax to use near '(id_books) ASC' at line 3 in C:\xampp\htdocs\ci4-uts\uts_ci4\system\Database\MySQLi\Connection.php:295
Stack trace:
#0 C:\xampp\htdocs\ci4-uts\uts_ci4\system\Database\MySQLi\Connection.php(295): mysqli->query('SELECT *\nFROM `...', 0)
#1 C:\xampp\htdocs\ci4-uts\uts_ci4\system\Database\BaseConnection.php(691): CodeIgniter\Database\MySQLi\Connection->execute('SELECT *\nFROM `...')
#2 C:\xampp\htdocs\ci4-uts\uts_ci4\system\Database\BaseConnection.php(605): CodeIgniter\Database\BaseConnection->simpleQuery('SELECT *\nFROM `...')
#3 C:\xampp\htdocs\ci4-uts\uts_ci4\system\Database\BaseBuilder.php(1616): CodeIgniter\Database\BaseConnection->query('SELECT *\nFROM `...', Array, false)
#4 C:\xampp\htdocs\ci4-uts\uts_ci4\system\Model.php(840): CodeIgniter\Database\BaseBuilder->get()
#5 C:\xampp\htdocs\ci4-uts\uts_ci4\app\Controllers\Main.php(30): CodeIgniter\Model->__call('get', Array)
#6 C:\xampp\htdocs\ci4-uts\uts_ci4\system\CodeIgniter.php(934): App\Controllers\Main->stocks()
#7 C:\xampp\htdocs\ci4-uts\uts_ci4\system\CodeIgniter.php(499): CodeIgniter\CodeIgniter->runController(Object(App\Controllers\Main))
#8 C:\xampp\htdocs\ci4-uts\uts_ci4\system\CodeIgniter.php(368): CodeIgniter\CodeIgniter->handleRequest(NULL, Object(Config\Cache), false)
#9 C:\xampp\htdocs\ci4-uts\uts_ci4\public\index.php(67): CodeIgniter\CodeIgniter->run()
#10 C:\xampp\htdocs\ci4-uts\uts_ci4\system\Commands\Server\rewrite.php(47): require_once('C:\\xampp\\htdocs...')
#11 {main}
CRITICAL - 2023-05-18 06:47:29 --> Call to a member function getResult() on bool
in APPPATH\Controllers\Main.php on line 30.
 1 SYSTEMPATH\CodeIgniter.php(934): App\Controllers\Main->stocks()
 2 SYSTEMPATH\CodeIgniter.php(499): CodeIgniter\CodeIgniter->runController(Object(App\Controllers\Main))
 3 SYSTEMPATH\CodeIgniter.php(368): CodeIgniter\CodeIgniter->handleRequest(null, Object(Config\Cache), false)
 4 FCPATH\index.php(67): CodeIgniter\CodeIgniter->run()
 5 SYSTEMPATH\Commands\Server\rewrite.php(47): require_once('FCPATH\\index.php')
ERROR - 2023-05-18 06:47:41 --> mysqli_sql_exception: You have an error in your SQL syntax; check the manual that corresponds to your MariaDB server version for the right syntax to use near 'int(id_books) ASC' at line 3 in C:\xampp\htdocs\ci4-uts\uts_ci4\system\Database\MySQLi\Connection.php:295
Stack trace:
#0 C:\xampp\htdocs\ci4-uts\uts_ci4\system\Database\MySQLi\Connection.php(295): mysqli->query('SELECT *\nFROM `...', 0)
#1 C:\xampp\htdocs\ci4-uts\uts_ci4\system\Database\BaseConnection.php(691): CodeIgniter\Database\MySQLi\Connection->execute('SELECT *\nFROM `...')
#2 C:\xampp\htdocs\ci4-uts\uts_ci4\system\Database\BaseConnection.php(605): CodeIgniter\Database\BaseConnection->simpleQuery('SELECT *\nFROM `...')
#3 C:\xampp\htdocs\ci4-uts\uts_ci4\system\Database\BaseBuilder.php(1616): CodeIgniter\Database\BaseConnection->query('SELECT *\nFROM `...', Array, false)
#4 C:\xampp\htdocs\ci4-uts\uts_ci4\system\Model.php(840): CodeIgniter\Database\BaseBuilder->get()
#5 C:\xampp\htdocs\ci4-uts\uts_ci4\app\Controllers\Main.php(30): CodeIgniter\Model->__call('get', Array)
#6 C:\xampp\htdocs\ci4-uts\uts_ci4\system\CodeIgniter.php(934): App\Controllers\Main->stocks()
#7 C:\xampp\htdocs\ci4-uts\uts_ci4\system\CodeIgniter.php(499): CodeIgniter\CodeIgniter->runController(Object(App\Controllers\Main))
#8 C:\xampp\htdocs\ci4-uts\uts_ci4\system\CodeIgniter.php(368): CodeIgniter\CodeIgniter->handleRequest(NULL, Object(Config\Cache), false)
#9 C:\xampp\htdocs\ci4-uts\uts_ci4\public\index.php(67): CodeIgniter\CodeIgniter->run()
#10 C:\xampp\htdocs\ci4-uts\uts_ci4\system\Commands\Server\rewrite.php(47): require_once('C:\\xampp\\htdocs...')
#11 {main}
CRITICAL - 2023-05-18 06:47:41 --> Call to a member function getResult() on bool
in APPPATH\Controllers\Main.php on line 30.
 1 SYSTEMPATH\CodeIgniter.php(934): App\Controllers\Main->stocks()
 2 SYSTEMPATH\CodeIgniter.php(499): CodeIgniter\CodeIgniter->runController(Object(App\Controllers\Main))
 3 SYSTEMPATH\CodeIgniter.php(368): CodeIgniter\CodeIgniter->handleRequest(null, Object(Config\Cache), false)
 4 FCPATH\index.php(67): CodeIgniter\CodeIgniter->run()
 5 SYSTEMPATH\Commands\Server\rewrite.php(47): require_once('FCPATH\\index.php')
ERROR - 2023-05-18 06:47:49 --> mysqli_sql_exception: You have an error in your SQL syntax; check the manual that corresponds to your MariaDB server version for the right syntax to use near 'INT(id_books) ASC' at line 3 in C:\xampp\htdocs\ci4-uts\uts_ci4\system\Database\MySQLi\Connection.php:295
Stack trace:
#0 C:\xampp\htdocs\ci4-uts\uts_ci4\system\Database\MySQLi\Connection.php(295): mysqli->query('SELECT *\nFROM `...', 0)
#1 C:\xampp\htdocs\ci4-uts\uts_ci4\system\Database\BaseConnection.php(691): CodeIgniter\Database\MySQLi\Connection->execute('SELECT *\nFROM `...')
#2 C:\xampp\htdocs\ci4-uts\uts_ci4\system\Database\BaseConnection.php(605): CodeIgniter\Database\BaseConnection->simpleQuery('SELECT *\nFROM `...')
#3 C:\xampp\htdocs\ci4-uts\uts_ci4\system\Database\BaseBuilder.php(1616): CodeIgniter\Database\BaseConnection->query('SELECT *\nFROM `...', Array, false)
#4 C:\xampp\htdocs\ci4-uts\uts_ci4\system\Model.php(840): CodeIgniter\Database\BaseBuilder->get()
#5 C:\xampp\htdocs\ci4-uts\uts_ci4\app\Controllers\Main.php(30): CodeIgniter\Model->__call('get', Array)
#6 C:\xampp\htdocs\ci4-uts\uts_ci4\system\CodeIgniter.php(934): App\Controllers\Main->stocks()
#7 C:\xampp\htdocs\ci4-uts\uts_ci4\system\CodeIgniter.php(499): CodeIgniter\CodeIgniter->runController(Object(App\Controllers\Main))
#8 C:\xampp\htdocs\ci4-uts\uts_ci4\system\CodeIgniter.php(368): CodeIgniter\CodeIgniter->handleRequest(NULL, Object(Config\Cache), false)
#9 C:\xampp\htdocs\ci4-uts\uts_ci4\public\index.php(67): CodeIgniter\CodeIgniter->run()
#10 C:\xampp\htdocs\ci4-uts\uts_ci4\system\Commands\Server\rewrite.php(47): require_once('C:\\xampp\\htdocs...')
#11 {main}
CRITICAL - 2023-05-18 06:47:49 --> Call to a member function getResult() on bool
in APPPATH\Controllers\Main.php on line 30.
 1 SYSTEMPATH\CodeIgniter.php(934): App\Controllers\Main->stocks()
 2 SYSTEMPATH\CodeIgniter.php(499): CodeIgniter\CodeIgniter->runController(Object(App\Controllers\Main))
 3 SYSTEMPATH\CodeIgniter.php(368): CodeIgniter\CodeIgniter->handleRequest(null, Object(Config\Cache), false)
 4 FCPATH\index.php(67): CodeIgniter\CodeIgniter->run()
 5 SYSTEMPATH\Commands\Server\rewrite.php(47): require_once('FCPATH\\index.php')
CRITICAL - 2023-05-18 07:05:14 --> Undefined property: stdClass::$id
in APPPATH\Views\stocks\lists.php on line 24.
 1 APPPATH\Views\stocks\lists.php(24): CodeIgniter\Debug\Exceptions->errorHandler(2, 'Undefined property: stdClass::$id', 'APPPATH\\Views\\stocks\\lists.php', 24)
 2 SYSTEMPATH\View\View.php(213): include('APPPATH\\Views\\stocks\\lists.php')
 3 SYSTEMPATH\View\View.php(216): CodeIgniter\View\View->CodeIgniter\View\{closure}()
 4 SYSTEMPATH\Common.php(1184): CodeIgniter\View\View->render('stocks/lists', [], true)
 5 APPPATH\Controllers\Main.php(32): view('stocks/lists', [...])
 6 SYSTEMPATH\CodeIgniter.php(934): App\Controllers\Main->stocks()
 7 SYSTEMPATH\CodeIgniter.php(499): CodeIgniter\CodeIgniter->runController(Object(App\Controllers\Main))
 8 SYSTEMPATH\CodeIgniter.php(368): CodeIgniter\CodeIgniter->handleRequest(null, Object(Config\Cache), false)
 9 FCPATH\index.php(67): CodeIgniter\CodeIgniter->run()
10 SYSTEMPATH\Commands\Server\rewrite.php(47): require_once('FCPATH\\index.php')
CRITICAL - 2023-05-18 07:18:59 --> Undefined variable $category
in APPPATH\Views\stocks\lists.php on line 24.
 1 APPPATH\Views\stocks\lists.php(24): CodeIgniter\Debug\Exceptions->errorHandler(2, 'Undefined variable $category', 'APPPATH\\Views\\stocks\\lists.php', 24)
 2 SYSTEMPATH\View\View.php(213): include('APPPATH\\Views\\stocks\\lists.php')
 3 SYSTEMPATH\View\View.php(216): CodeIgniter\View\View->CodeIgniter\View\{closure}()
 4 SYSTEMPATH\Common.php(1184): CodeIgniter\View\View->render('stocks/lists', [], true)
 5 APPPATH\Controllers\Main.php(33): view('stocks/lists', [...])
 6 SYSTEMPATH\CodeIgniter.php(934): App\Controllers\Main->stocks()
 7 SYSTEMPATH\CodeIgniter.php(499): CodeIgniter\CodeIgniter->runController(Object(App\Controllers\Main))
 8 SYSTEMPATH\CodeIgniter.php(368): CodeIgniter\CodeIgniter->handleRequest(null, Object(Config\Cache), false)
 9 FCPATH\index.php(67): CodeIgniter\CodeIgniter->run()
10 SYSTEMPATH\Commands\Server\rewrite.php(47): require_once('FCPATH\\index.php')
CRITICAL - 2023-05-18 07:20:41 --> Undefined property: stdClass::$name_category
in APPPATH\Views\stocks\lists.php on line 25.
 1 APPPATH\Views\stocks\lists.php(25): CodeIgniter\Debug\Exceptions->errorHandler(2, 'Undefined property: stdClass::$name_category', 'APPPATH\\Views\\stocks\\lists.php', 25)
 2 SYSTEMPATH\View\View.php(213): include('APPPATH\\Views\\stocks\\lists.php')
 3 SYSTEMPATH\View\View.php(216): CodeIgniter\View\View->CodeIgniter\View\{closure}()
 4 SYSTEMPATH\Common.php(1184): CodeIgniter\View\View->render('stocks/lists', [], true)
 5 APPPATH\Controllers\Main.php(33): view('stocks/lists', [...])
 6 SYSTEMPATH\CodeIgniter.php(934): App\Controllers\Main->stocks()
 7 SYSTEMPATH\CodeIgniter.php(499): CodeIgniter\CodeIgniter->runController(Object(App\Controllers\Main))
 8 SYSTEMPATH\CodeIgniter.php(368): CodeIgniter\CodeIgniter->handleRequest(null, Object(Config\Cache), false)
 9 FCPATH\index.php(67): CodeIgniter\CodeIgniter->run()
10 SYSTEMPATH\Commands\Server\rewrite.php(47): require_once('FCPATH\\index.php')
CRITICAL - 2023-05-18 07:43:18 --> Undefined property: stdClass::$name_category
in APPPATH\Views\stocks\lists.php on line 25.
 1 APPPATH\Views\stocks\lists.php(25): CodeIgniter\Debug\Exceptions->errorHandler(2, 'Undefined property: stdClass::$name_category', 'APPPATH\\Views\\stocks\\lists.php', 25)
 2 SYSTEMPATH\View\View.php(213): include('APPPATH\\Views\\stocks\\lists.php')
 3 SYSTEMPATH\View\View.php(216): CodeIgniter\View\View->CodeIgniter\View\{closure}()
 4 SYSTEMPATH\Common.php(1184): CodeIgniter\View\View->render('stocks/lists', [], true)
 5 APPPATH\Controllers\Main.php(33): view('stocks/lists', [...])
 6 SYSTEMPATH\CodeIgniter.php(934): App\Controllers\Main->stocks()
 7 SYSTEMPATH\CodeIgniter.php(499): CodeIgniter\CodeIgniter->runController(Object(App\Controllers\Main))
 8 SYSTEMPATH\CodeIgniter.php(368): CodeIgniter\CodeIgniter->handleRequest(null, Object(Config\Cache), false)
 9 FCPATH\index.php(67): CodeIgniter\CodeIgniter->run()
10 SYSTEMPATH\Commands\Server\rewrite.php(47): require_once('FCPATH\\index.php')
CRITICAL - 2023-05-18 07:45:07 --> Undefined property: stdClass::$name_category
in APPPATH\Views\stocks\lists.php on line 24.
 1 APPPATH\Views\stocks\lists.php(24): CodeIgniter\Debug\Exceptions->errorHandler(2, 'Undefined property: stdClass::$name_category', 'APPPATH\\Views\\stocks\\lists.php', 24)
 2 SYSTEMPATH\View\View.php(213): include('APPPATH\\Views\\stocks\\lists.php')
 3 SYSTEMPATH\View\View.php(216): CodeIgniter\View\View->CodeIgniter\View\{closure}()
 4 SYSTEMPATH\Common.php(1184): CodeIgniter\View\View->render('stocks/lists', [], true)
 5 APPPATH\Controllers\Main.php(33): view('stocks/lists', [...])
 6 SYSTEMPATH\CodeIgniter.php(934): App\Controllers\Main->stocks()
 7 SYSTEMPATH\CodeIgniter.php(499): CodeIgniter\CodeIgniter->runController(Object(App\Controllers\Main))
 8 SYSTEMPATH\CodeIgniter.php(368): CodeIgniter\CodeIgniter->handleRequest(null, Object(Config\Cache), false)
 9 FCPATH\index.php(67): CodeIgniter\CodeIgniter->run()
10 SYSTEMPATH\Commands\Server\rewrite.php(47): require_once('FCPATH\\index.php')
CRITICAL - 2023-05-18 07:51:01 --> Undefined variable $vrow
in APPPATH\Views\stocks\lists.php on line 25.
 1 APPPATH\Views\stocks\lists.php(25): CodeIgniter\Debug\Exceptions->errorHandler(2, 'Undefined variable $vrow', 'APPPATH\\Views\\stocks\\lists.php', 25)
 2 SYSTEMPATH\View\View.php(213): include('APPPATH\\Views\\stocks\\lists.php')
 3 SYSTEMPATH\View\View.php(216): CodeIgniter\View\View->CodeIgniter\View\{closure}()
 4 SYSTEMPATH\Common.php(1184): CodeIgniter\View\View->render('stocks/lists', [], true)
 5 APPPATH\Controllers\Main.php(33): view('stocks/lists', [...])
 6 SYSTEMPATH\CodeIgniter.php(934): App\Controllers\Main->stocks()
 7 SYSTEMPATH\CodeIgniter.php(499): CodeIgniter\CodeIgniter->runController(Object(App\Controllers\Main))
 8 SYSTEMPATH\CodeIgniter.php(368): CodeIgniter\CodeIgniter->handleRequest(null, Object(Config\Cache), false)
 9 FCPATH\index.php(67): CodeIgniter\CodeIgniter->run()
10 SYSTEMPATH\Commands\Server\rewrite.php(47): require_once('FCPATH\\index.php')
CRITICAL - 2023-05-18 07:51:12 --> Undefined property: stdClass::$name_category
in APPPATH\Views\stocks\lists.php on line 25.
 1 APPPATH\Views\stocks\lists.php(25): CodeIgniter\Debug\Exceptions->errorHandler(2, 'Undefined property: stdClass::$name_category', 'APPPATH\\Views\\stocks\\lists.php', 25)
 2 SYSTEMPATH\View\View.php(213): include('APPPATH\\Views\\stocks\\lists.php')
 3 SYSTEMPATH\View\View.php(216): CodeIgniter\View\View->CodeIgniter\View\{closure}()
 4 SYSTEMPATH\Common.php(1184): CodeIgniter\View\View->render('stocks/lists', [], true)
 5 APPPATH\Controllers\Main.php(33): view('stocks/lists', [...])
 6 SYSTEMPATH\CodeIgniter.php(934): App\Controllers\Main->stocks()
 7 SYSTEMPATH\CodeIgniter.php(499): CodeIgniter\CodeIgniter->runController(Object(App\Controllers\Main))
 8 SYSTEMPATH\CodeIgniter.php(368): CodeIgniter\CodeIgniter->handleRequest(null, Object(Config\Cache), false)
 9 FCPATH\index.php(67): CodeIgniter\CodeIgniter->run()
10 SYSTEMPATH\Commands\Server\rewrite.php(47): require_once('FCPATH\\index.php')
CRITICAL - 2023-05-18 07:53:46 --> syntax error, unexpected token "endforeach", expecting "elseif" or "else" or "endif"
in APPPATH\Views\stocks\lists.php on line 36.
 1 SYSTEMPATH\View\View.php(216): CodeIgniter\View\View->CodeIgniter\View\{closure}()
 2 SYSTEMPATH\Common.php(1184): CodeIgniter\View\View->render('stocks/lists', [], true)
 3 APPPATH\Controllers\Main.php(33): view('stocks/lists', [...])
 4 SYSTEMPATH\CodeIgniter.php(934): App\Controllers\Main->stocks()
 5 SYSTEMPATH\CodeIgniter.php(499): CodeIgniter\CodeIgniter->runController(Object(App\Controllers\Main))
 6 SYSTEMPATH\CodeIgniter.php(368): CodeIgniter\CodeIgniter->handleRequest(null, Object(Config\Cache), false)
 7 FCPATH\index.php(67): CodeIgniter\CodeIgniter->run()
 8 SYSTEMPATH\Commands\Server\rewrite.php(47): require_once('FCPATH\\index.php')
CRITICAL - 2023-05-18 07:56:24 --> Undefined property: stdClass::$name_category
in APPPATH\Views\stocks\lists.php on line 25.
 1 APPPATH\Views\stocks\lists.php(25): CodeIgniter\Debug\Exceptions->errorHandler(2, 'Undefined property: stdClass::$name_category', 'APPPATH\\Views\\stocks\\lists.php', 25)
 2 SYSTEMPATH\View\View.php(213): include('APPPATH\\Views\\stocks\\lists.php')
 3 SYSTEMPATH\View\View.php(216): CodeIgniter\View\View->CodeIgniter\View\{closure}()
 4 SYSTEMPATH\Common.php(1184): CodeIgniter\View\View->render('stocks/lists', [], true)
 5 APPPATH\Controllers\Main.php(33): view('stocks/lists', [...])
 6 SYSTEMPATH\CodeIgniter.php(934): App\Controllers\Main->stocks()
 7 SYSTEMPATH\CodeIgniter.php(499): CodeIgniter\CodeIgniter->runController(Object(App\Controllers\Main))
 8 SYSTEMPATH\CodeIgniter.php(368): CodeIgniter\CodeIgniter->handleRequest(null, Object(Config\Cache), false)
 9 FCPATH\index.php(67): CodeIgniter\CodeIgniter->run()
10 SYSTEMPATH\Commands\Server\rewrite.php(47): require_once('FCPATH\\index.php')
CRITICAL - 2023-05-18 09:18:18 --> Call to undefined method CodeIgniter\Session\Session::alert()
in APPPATH\Views\templates\header.php on line 73.
 1 SYSTEMPATH\View\View.php(213): include()
 2 SYSTEMPATH\View\View.php(216): CodeIgniter\View\View->CodeIgniter\View\{closure}()
 3 SYSTEMPATH\Common.php(1184): CodeIgniter\View\View->render('templates/header', [], true)
 4 APPPATH\Controllers\Main.php(86): view('templates/header', [...])
 5 SYSTEMPATH\CodeIgniter.php(934): App\Controllers\Main->employee()
 6 SYSTEMPATH\CodeIgniter.php(499): CodeIgniter\CodeIgniter->runController(Object(App\Controllers\Main))
 7 SYSTEMPATH\CodeIgniter.php(368): CodeIgniter\CodeIgniter->handleRequest(null, Object(Config\Cache), false)
 8 FCPATH\index.php(67): CodeIgniter\CodeIgniter->run()
 9 SYSTEMPATH\Commands\Server\rewrite.php(47): require_once('FCPATH\\index.php')
