CRITICAL - 2023-05-15 03:00:26 --> Undefined variable $request
in APPPATH\Views\login.php on line 88.
 1 APPPATH\Views\login.php(88): CodeIgniter\Debug\Exceptions->errorHandler(2, 'Undefined variable $request', 'APPPATH\\Views\\login.php', 88)
 2 SYSTEMPATH\View\View.php(213): include('APPPATH\\Views\\login.php')
 3 SYSTEMPATH\View\View.php(216): CodeIgniter\View\View->CodeIgniter\View\{closure}()
 4 SYSTEMPATH\Common.php(1184): CodeIgniter\View\View->render('login', [], true)
 5 APPPATH\Controllers\Home.php(9): view('login')
 6 SYSTEMPATH\CodeIgniter.php(934): App\Controllers\Home->index()
 7 SYSTEMPATH\CodeIgniter.php(499): CodeIgniter\CodeIgniter->runController(Object(App\Controllers\Home))
 8 SYSTEMPATH\CodeIgniter.php(368): CodeIgniter\CodeIgniter->handleRequest(null, Object(Config\Cache), false)
 9 FCPATH\index.php(67): CodeIgniter\CodeIgniter->run()
10 SYSTEMPATH\Commands\Server\rewrite.php(47): require_once('FCPATH\\index.php')
CRITICAL - 2023-05-15 03:13:57 --> Attempt to read property "password" on array
in APPPATH\Controllers\Home.php on line 22.
 1 APPPATH\Controllers\Home.php(22): CodeIgniter\Debug\Exceptions->errorHandler(2, 'Attempt to read property "password" on array', 'APPPATH\\Controllers\\Home.php', 22)
 2 SYSTEMPATH\CodeIgniter.php(934): App\Controllers\Home->login()
 3 SYSTEMPATH\CodeIgniter.php(499): CodeIgniter\CodeIgniter->runController(Object(App\Controllers\Home))
 4 SYSTEMPATH\CodeIgniter.php(368): CodeIgniter\CodeIgniter->handleRequest(null, Object(Config\Cache), false)
 5 FCPATH\index.php(67): CodeIgniter\CodeIgniter->run()
 6 SYSTEMPATH\Commands\Server\rewrite.php(47): require_once('FCPATH\\index.php')
CRITICAL - 2023-05-15 03:15:11 --> Attempt to read property "password" on array
in APPPATH\Controllers\Home.php on line 22.
 1 APPPATH\Controllers\Home.php(22): CodeIgniter\Debug\Exceptions->errorHandler(2, 'Attempt to read property "password" on array', 'APPPATH\\Controllers\\Home.php', 22)
 2 SYSTEMPATH\CodeIgniter.php(934): App\Controllers\Home->login()
 3 SYSTEMPATH\CodeIgniter.php(499): CodeIgniter\CodeIgniter->runController(Object(App\Controllers\Home))
 4 SYSTEMPATH\CodeIgniter.php(368): CodeIgniter\CodeIgniter->handleRequest(null, Object(Config\Cache), false)
 5 FCPATH\index.php(67): CodeIgniter\CodeIgniter->run()
 6 SYSTEMPATH\Commands\Server\rewrite.php(47): require_once('FCPATH\\index.php')
CRITICAL - 2023-05-15 03:17:39 --> Attempt to read property "password" on array
in APPPATH\Controllers\Home.php on line 22.
 1 APPPATH\Controllers\Home.php(22): CodeIgniter\Debug\Exceptions->errorHandler(2, 'Attempt to read property "password" on array', 'APPPATH\\Controllers\\Home.php', 22)
 2 SYSTEMPATH\CodeIgniter.php(934): App\Controllers\Home->login()
 3 SYSTEMPATH\CodeIgniter.php(499): CodeIgniter\CodeIgniter->runController(Object(App\Controllers\Home))
 4 SYSTEMPATH\CodeIgniter.php(368): CodeIgniter\CodeIgniter->handleRequest(null, Object(Config\Cache), false)
 5 FCPATH\index.php(67): CodeIgniter\CodeIgniter->run()
 6 SYSTEMPATH\Commands\Server\rewrite.php(47): require_once('FCPATH\\index.php')
CRITICAL - 2023-05-15 03:17:56 --> Attempt to read property "password" on array
in APPPATH\Controllers\Home.php on line 22.
 1 APPPATH\Controllers\Home.php(22): CodeIgniter\Debug\Exceptions->errorHandler(2, 'Attempt to read property "password" on array', 'APPPATH\\Controllers\\Home.php', 22)
 2 SYSTEMPATH\CodeIgniter.php(934): App\Controllers\Home->login()
 3 SYSTEMPATH\CodeIgniter.php(499): CodeIgniter\CodeIgniter->runController(Object(App\Controllers\Home))
 4 SYSTEMPATH\CodeIgniter.php(368): CodeIgniter\CodeIgniter->handleRequest(null, Object(Config\Cache), false)
 5 FCPATH\index.php(67): CodeIgniter\CodeIgniter->run()
 6 SYSTEMPATH\Commands\Server\rewrite.php(47): require_once('FCPATH\\index.php')
CRITICAL - 2023-05-15 03:18:23 --> Attempt to read property "password" on array
in APPPATH\Controllers\Home.php on line 22.
 1 APPPATH\Controllers\Home.php(22): CodeIgniter\Debug\Exceptions->errorHandler(2, 'Attempt to read property "password" on array', 'APPPATH\\Controllers\\Home.php', 22)
 2 SYSTEMPATH\CodeIgniter.php(934): App\Controllers\Home->login()
 3 SYSTEMPATH\CodeIgniter.php(499): CodeIgniter\CodeIgniter->runController(Object(App\Controllers\Home))
 4 SYSTEMPATH\CodeIgniter.php(368): CodeIgniter\CodeIgniter->handleRequest(null, Object(Config\Cache), false)
 5 FCPATH\index.php(67): CodeIgniter\CodeIgniter->run()
 6 SYSTEMPATH\Commands\Server\rewrite.php(47): require_once('FCPATH\\index.php')
CRITICAL - 2023-05-15 03:23:59 --> Attempt to read property "password" on array
in APPPATH\Controllers\Home.php on line 22.
 1 APPPATH\Controllers\Home.php(22): CodeIgniter\Debug\Exceptions->errorHandler(2, 'Attempt to read property "password" on array', 'APPPATH\\Controllers\\Home.php', 22)
 2 SYSTEMPATH\CodeIgniter.php(934): App\Controllers\Home->login()
 3 SYSTEMPATH\CodeIgniter.php(499): CodeIgniter\CodeIgniter->runController(Object(App\Controllers\Home))
 4 SYSTEMPATH\CodeIgniter.php(368): CodeIgniter\CodeIgniter->handleRequest(null, Object(Config\Cache), false)
 5 FCPATH\index.php(67): CodeIgniter\CodeIgniter->run()
 6 SYSTEMPATH\Commands\Server\rewrite.php(47): require_once('FCPATH\\index.php')
CRITICAL - 2023-05-15 03:26:15 --> Attempt to read property "password" on array
in APPPATH\Controllers\Home.php on line 22.
 1 APPPATH\Controllers\Home.php(22): CodeIgniter\Debug\Exceptions->errorHandler(2, 'Attempt to read property "password" on array', 'APPPATH\\Controllers\\Home.php', 22)
 2 SYSTEMPATH\CodeIgniter.php(934): App\Controllers\Home->login()
 3 SYSTEMPATH\CodeIgniter.php(499): CodeIgniter\CodeIgniter->runController(Object(App\Controllers\Home))
 4 SYSTEMPATH\CodeIgniter.php(368): CodeIgniter\CodeIgniter->handleRequest(null, Object(Config\Cache), false)
 5 FCPATH\index.php(67): CodeIgniter\CodeIgniter->run()
 6 SYSTEMPATH\Commands\Server\rewrite.php(47): require_once('FCPATH\\index.php')
CRITICAL - 2023-05-15 03:28:16 --> Attempt to read property "password" on array
in APPPATH\Controllers\Home.php on line 22.
 1 APPPATH\Controllers\Home.php(22): CodeIgniter\Debug\Exceptions->errorHandler(2, 'Attempt to read property "password" on array', 'APPPATH\\Controllers\\Home.php', 22)
 2 SYSTEMPATH\CodeIgniter.php(934): App\Controllers\Home->login()
 3 SYSTEMPATH\CodeIgniter.php(499): CodeIgniter\CodeIgniter->runController(Object(App\Controllers\Home))
 4 SYSTEMPATH\CodeIgniter.php(368): CodeIgniter\CodeIgniter->handleRequest(null, Object(Config\Cache), false)
 5 FCPATH\index.php(67): CodeIgniter\CodeIgniter->run()
 6 SYSTEMPATH\Commands\Server\rewrite.php(47): require_once('FCPATH\\index.php')
CRITICAL - 2023-05-15 03:31:53 --> Attempt to read property "password" on array
in APPPATH\Controllers\Home.php on line 22.
 1 APPPATH\Controllers\Home.php(22): CodeIgniter\Debug\Exceptions->errorHandler(2, 'Attempt to read property "password" on array', 'APPPATH\\Controllers\\Home.php', 22)
 2 SYSTEMPATH\CodeIgniter.php(934): App\Controllers\Home->login()
 3 SYSTEMPATH\CodeIgniter.php(499): CodeIgniter\CodeIgniter->runController(Object(App\Controllers\Home))
 4 SYSTEMPATH\CodeIgniter.php(368): CodeIgniter\CodeIgniter->handleRequest(null, Object(Config\Cache), false)
 5 FCPATH\index.php(67): CodeIgniter\CodeIgniter->run()
 6 SYSTEMPATH\Commands\Server\rewrite.php(47): require_once('FCPATH\\index.php')
CRITICAL - 2023-05-15 03:37:34 --> Attempt to read property "password" on array
in APPPATH\Controllers\Home.php on line 22.
 1 APPPATH\Controllers\Home.php(22): CodeIgniter\Debug\Exceptions->errorHandler(2, 'Attempt to read property "password" on array', 'APPPATH\\Controllers\\Home.php', 22)
 2 SYSTEMPATH\CodeIgniter.php(934): App\Controllers\Home->login()
 3 SYSTEMPATH\CodeIgniter.php(499): CodeIgniter\CodeIgniter->runController(Object(App\Controllers\Home))
 4 SYSTEMPATH\CodeIgniter.php(368): CodeIgniter\CodeIgniter->handleRequest(null, Object(Config\Cache), false)
 5 FCPATH\index.php(67): CodeIgniter\CodeIgniter->run()
 6 SYSTEMPATH\Commands\Server\rewrite.php(47): require_once('FCPATH\\index.php')
CRITICAL - 2023-05-15 03:38:09 --> Attempt to read property "password" on array
in APPPATH\Controllers\Home.php on line 22.
 1 APPPATH\Controllers\Home.php(22): CodeIgniter\Debug\Exceptions->errorHandler(2, 'Attempt to read property "password" on array', 'APPPATH\\Controllers\\Home.php', 22)
 2 SYSTEMPATH\CodeIgniter.php(934): App\Controllers\Home->login()
 3 SYSTEMPATH\CodeIgniter.php(499): CodeIgniter\CodeIgniter->runController(Object(App\Controllers\Home))
 4 SYSTEMPATH\CodeIgniter.php(368): CodeIgniter\CodeIgniter->handleRequest(null, Object(Config\Cache), false)
 5 FCPATH\index.php(67): CodeIgniter\CodeIgniter->run()
 6 SYSTEMPATH\Commands\Server\rewrite.php(47): require_once('FCPATH\\index.php')
CRITICAL - 2023-05-15 03:42:04 --> Attempt to read property "password" on array
in APPPATH\Controllers\Home.php on line 22.
 1 APPPATH\Controllers\Home.php(22): CodeIgniter\Debug\Exceptions->errorHandler(2, 'Attempt to read property "password" on array', 'APPPATH\\Controllers\\Home.php', 22)
 2 SYSTEMPATH\CodeIgniter.php(934): App\Controllers\Home->login()
 3 SYSTEMPATH\CodeIgniter.php(499): CodeIgniter\CodeIgniter->runController(Object(App\Controllers\Home))
 4 SYSTEMPATH\CodeIgniter.php(368): CodeIgniter\CodeIgniter->handleRequest(null, Object(Config\Cache), false)
 5 FCPATH\index.php(67): CodeIgniter\CodeIgniter->run()
 6 SYSTEMPATH\Commands\Server\rewrite.php(47): require_once('FCPATH\\index.php')
CRITICAL - 2023-05-15 03:42:09 --> Undefined variable $request
in APPPATH\Views\login.php on line 98.
 1 APPPATH\Views\login.php(98): CodeIgniter\Debug\Exceptions->errorHandler(2, 'Undefined variable $request', 'APPPATH\\Views\\login.php', 98)
 2 SYSTEMPATH\View\View.php(213): include('APPPATH\\Views\\login.php')
 3 SYSTEMPATH\View\View.php(216): CodeIgniter\View\View->CodeIgniter\View\{closure}()
 4 SYSTEMPATH\Common.php(1184): CodeIgniter\View\View->render('login', [], true)
 5 APPPATH\Controllers\Home.php(10): view('login')
 6 SYSTEMPATH\CodeIgniter.php(934): App\Controllers\Home->index()
 7 SYSTEMPATH\CodeIgniter.php(499): CodeIgniter\CodeIgniter->runController(Object(App\Controllers\Home))
 8 SYSTEMPATH\CodeIgniter.php(368): CodeIgniter\CodeIgniter->handleRequest(null, Object(Config\Cache), false)
 9 FCPATH\index.php(67): CodeIgniter\CodeIgniter->run()
10 SYSTEMPATH\Commands\Server\rewrite.php(47): require_once('FCPATH\\index.php')
CRITICAL - 2023-05-15 03:42:16 --> Undefined variable $request
in APPPATH\Views\login.php on line 98.
 1 APPPATH\Views\login.php(98): CodeIgniter\Debug\Exceptions->errorHandler(2, 'Undefined variable $request', 'APPPATH\\Views\\login.php', 98)
 2 SYSTEMPATH\View\View.php(213): include('APPPATH\\Views\\login.php')
 3 SYSTEMPATH\View\View.php(216): CodeIgniter\View\View->CodeIgniter\View\{closure}()
 4 SYSTEMPATH\Common.php(1184): CodeIgniter\View\View->render('login', [], true)
 5 APPPATH\Controllers\Home.php(10): view('login')
 6 SYSTEMPATH\CodeIgniter.php(934): App\Controllers\Home->index()
 7 SYSTEMPATH\CodeIgniter.php(499): CodeIgniter\CodeIgniter->runController(Object(App\Controllers\Home))
 8 SYSTEMPATH\CodeIgniter.php(368): CodeIgniter\CodeIgniter->handleRequest(null, Object(Config\Cache), false)
 9 FCPATH\index.php(67): CodeIgniter\CodeIgniter->run()
10 SYSTEMPATH\Commands\Server\rewrite.php(47): require_once('FCPATH\\index.php')
CRITICAL - 2023-05-15 03:46:35 --> Undefined variable $request
in APPPATH\Views\login.php on line 98.
 1 APPPATH\Views\login.php(98): CodeIgniter\Debug\Exceptions->errorHandler(2, 'Undefined variable $request', 'APPPATH\\Views\\login.php', 98)
 2 SYSTEMPATH\View\View.php(213): include('APPPATH\\Views\\login.php')
 3 SYSTEMPATH\View\View.php(216): CodeIgniter\View\View->CodeIgniter\View\{closure}()
 4 SYSTEMPATH\Common.php(1184): CodeIgniter\View\View->render('login', [], true)
 5 APPPATH\Controllers\Home.php(10): view('login')
 6 SYSTEMPATH\CodeIgniter.php(934): App\Controllers\Home->index()
 7 SYSTEMPATH\CodeIgniter.php(499): CodeIgniter\CodeIgniter->runController(Object(App\Controllers\Home))
 8 SYSTEMPATH\CodeIgniter.php(368): CodeIgniter\CodeIgniter->handleRequest(null, Object(Config\Cache), false)
 9 FCPATH\index.php(67): CodeIgniter\CodeIgniter->run()
10 SYSTEMPATH\Commands\Server\rewrite.php(47): require_once('FCPATH\\index.php')
CRITICAL - 2023-05-15 03:46:39 --> Undefined variable $request
in APPPATH\Views\login.php on line 98.
 1 APPPATH\Views\login.php(98): CodeIgniter\Debug\Exceptions->errorHandler(2, 'Undefined variable $request', 'APPPATH\\Views\\login.php', 98)
 2 SYSTEMPATH\View\View.php(213): include('APPPATH\\Views\\login.php')
 3 SYSTEMPATH\View\View.php(216): CodeIgniter\View\View->CodeIgniter\View\{closure}()
 4 SYSTEMPATH\Common.php(1184): CodeIgniter\View\View->render('login', [], true)
 5 APPPATH\Controllers\Home.php(10): view('login')
 6 SYSTEMPATH\CodeIgniter.php(934): App\Controllers\Home->index()
 7 SYSTEMPATH\CodeIgniter.php(499): CodeIgniter\CodeIgniter->runController(Object(App\Controllers\Home))
 8 SYSTEMPATH\CodeIgniter.php(368): CodeIgniter\CodeIgniter->handleRequest(null, Object(Config\Cache), false)
 9 FCPATH\index.php(67): CodeIgniter\CodeIgniter->run()
10 SYSTEMPATH\Commands\Server\rewrite.php(47): require_once('FCPATH\\index.php')
CRITICAL - 2023-05-15 03:46:45 --> Undefined variable $request
in APPPATH\Views\login.php on line 98.
 1 APPPATH\Views\login.php(98): CodeIgniter\Debug\Exceptions->errorHandler(2, 'Undefined variable $request', 'APPPATH\\Views\\login.php', 98)
 2 SYSTEMPATH\View\View.php(213): include('APPPATH\\Views\\login.php')
 3 SYSTEMPATH\View\View.php(216): CodeIgniter\View\View->CodeIgniter\View\{closure}()
 4 SYSTEMPATH\Common.php(1184): CodeIgniter\View\View->render('login', [], true)
 5 APPPATH\Controllers\Home.php(10): view('login')
 6 SYSTEMPATH\CodeIgniter.php(934): App\Controllers\Home->index()
 7 SYSTEMPATH\CodeIgniter.php(499): CodeIgniter\CodeIgniter->runController(Object(App\Controllers\Home))
 8 SYSTEMPATH\CodeIgniter.php(368): CodeIgniter\CodeIgniter->handleRequest(null, Object(Config\Cache), false)
 9 FCPATH\index.php(67): CodeIgniter\CodeIgniter->run()
10 SYSTEMPATH\Commands\Server\rewrite.php(47): require_once('FCPATH\\index.php')
CRITICAL - 2023-05-15 03:49:03 --> Undefined variable $request
in APPPATH\Views\login.php on line 98.
 1 APPPATH\Views\login.php(98): CodeIgniter\Debug\Exceptions->errorHandler(2, 'Undefined variable $request', 'APPPATH\\Views\\login.php', 98)
 2 SYSTEMPATH\View\View.php(213): include('APPPATH\\Views\\login.php')
 3 SYSTEMPATH\View\View.php(216): CodeIgniter\View\View->CodeIgniter\View\{closure}()
 4 SYSTEMPATH\Common.php(1184): CodeIgniter\View\View->render('login', [], true)
 5 APPPATH\Controllers\Home.php(10): view('login')
 6 SYSTEMPATH\CodeIgniter.php(934): App\Controllers\Home->index()
 7 SYSTEMPATH\CodeIgniter.php(499): CodeIgniter\CodeIgniter->runController(Object(App\Controllers\Home))
 8 SYSTEMPATH\CodeIgniter.php(368): CodeIgniter\CodeIgniter->handleRequest(null, Object(Config\Cache), false)
 9 FCPATH\index.php(67): CodeIgniter\CodeIgniter->run()
10 SYSTEMPATH\Commands\Server\rewrite.php(47): require_once('FCPATH\\index.php')
CRITICAL - 2023-05-15 03:49:06 --> Undefined variable $request
in APPPATH\Views\login.php on line 98.
 1 APPPATH\Views\login.php(98): CodeIgniter\Debug\Exceptions->errorHandler(2, 'Undefined variable $request', 'APPPATH\\Views\\login.php', 98)
 2 SYSTEMPATH\View\View.php(213): include('APPPATH\\Views\\login.php')
 3 SYSTEMPATH\View\View.php(216): CodeIgniter\View\View->CodeIgniter\View\{closure}()
 4 SYSTEMPATH\Common.php(1184): CodeIgniter\View\View->render('login', [], true)
 5 APPPATH\Controllers\Home.php(10): view('login')
 6 SYSTEMPATH\CodeIgniter.php(934): App\Controllers\Home->index()
 7 SYSTEMPATH\CodeIgniter.php(499): CodeIgniter\CodeIgniter->runController(Object(App\Controllers\Home))
 8 SYSTEMPATH\CodeIgniter.php(368): CodeIgniter\CodeIgniter->handleRequest(null, Object(Config\Cache), false)
 9 FCPATH\index.php(67): CodeIgniter\CodeIgniter->run()
10 SYSTEMPATH\Commands\Server\rewrite.php(47): require_once('FCPATH\\index.php')
CRITICAL - 2023-05-15 03:52:31 --> Attempt to read property "password" on array
in APPPATH\Controllers\Home.php on line 22.
 1 APPPATH\Controllers\Home.php(22): CodeIgniter\Debug\Exceptions->errorHandler(2, 'Attempt to read property "password" on array', 'APPPATH\\Controllers\\Home.php', 22)
 2 SYSTEMPATH\CodeIgniter.php(934): App\Controllers\Home->login()
 3 SYSTEMPATH\CodeIgniter.php(499): CodeIgniter\CodeIgniter->runController(Object(App\Controllers\Home))
 4 SYSTEMPATH\CodeIgniter.php(368): CodeIgniter\CodeIgniter->handleRequest(null, Object(Config\Cache), false)
 5 FCPATH\index.php(67): CodeIgniter\CodeIgniter->run()
 6 SYSTEMPATH\Commands\Server\rewrite.php(47): require_once('FCPATH\\index.php')
CRITICAL - 2023-05-15 03:56:29 --> Attempt to read property "password" on array
in APPPATH\Controllers\Home.php on line 22.
 1 APPPATH\Controllers\Home.php(22): CodeIgniter\Debug\Exceptions->errorHandler(2, 'Attempt to read property "password" on array', 'APPPATH\\Controllers\\Home.php', 22)
 2 SYSTEMPATH\CodeIgniter.php(934): App\Controllers\Home->login()
 3 SYSTEMPATH\CodeIgniter.php(499): CodeIgniter\CodeIgniter->runController(Object(App\Controllers\Home))
 4 SYSTEMPATH\CodeIgniter.php(368): CodeIgniter\CodeIgniter->handleRequest(null, Object(Config\Cache), false)
 5 FCPATH\index.php(67): CodeIgniter\CodeIgniter->run()
 6 SYSTEMPATH\Commands\Server\rewrite.php(47): require_once('FCPATH\\index.php')
CRITICAL - 2023-05-15 03:56:38 --> Attempt to read property "password" on array
in APPPATH\Controllers\Home.php on line 22.
 1 APPPATH\Controllers\Home.php(22): CodeIgniter\Debug\Exceptions->errorHandler(2, 'Attempt to read property "password" on array', 'APPPATH\\Controllers\\Home.php', 22)
 2 SYSTEMPATH\CodeIgniter.php(934): App\Controllers\Home->login()
 3 SYSTEMPATH\CodeIgniter.php(499): CodeIgniter\CodeIgniter->runController(Object(App\Controllers\Home))
 4 SYSTEMPATH\CodeIgniter.php(368): CodeIgniter\CodeIgniter->handleRequest(null, Object(Config\Cache), false)
 5 FCPATH\index.php(67): CodeIgniter\CodeIgniter->run()
 6 SYSTEMPATH\Commands\Server\rewrite.php(47): require_once('FCPATH\\index.php')
CRITICAL - 2023-05-15 03:56:46 --> Attempt to read property "password" on array
in APPPATH\Controllers\Home.php on line 22.
 1 APPPATH\Controllers\Home.php(22): CodeIgniter\Debug\Exceptions->errorHandler(2, 'Attempt to read property "password" on array', 'APPPATH\\Controllers\\Home.php', 22)
 2 SYSTEMPATH\CodeIgniter.php(934): App\Controllers\Home->login()
 3 SYSTEMPATH\CodeIgniter.php(499): CodeIgniter\CodeIgniter->runController(Object(App\Controllers\Home))
 4 SYSTEMPATH\CodeIgniter.php(368): CodeIgniter\CodeIgniter->handleRequest(null, Object(Config\Cache), false)
 5 FCPATH\index.php(67): CodeIgniter\CodeIgniter->run()
 6 SYSTEMPATH\Commands\Server\rewrite.php(47): require_once('FCPATH\\index.php')
CRITICAL - 2023-05-15 04:01:17 --> Attempt to read property "password" on array
in APPPATH\Controllers\Home.php on line 22.
 1 APPPATH\Controllers\Home.php(22): CodeIgniter\Debug\Exceptions->errorHandler(2, 'Attempt to read property "password" on array', 'APPPATH\\Controllers\\Home.php', 22)
 2 SYSTEMPATH\CodeIgniter.php(934): App\Controllers\Home->login()
 3 SYSTEMPATH\CodeIgniter.php(499): CodeIgniter\CodeIgniter->runController(Object(App\Controllers\Home))
 4 SYSTEMPATH\CodeIgniter.php(368): CodeIgniter\CodeIgniter->handleRequest(null, Object(Config\Cache), false)
 5 FCPATH\index.php(67): CodeIgniter\CodeIgniter->run()
 6 SYSTEMPATH\Commands\Server\rewrite.php(47): require_once('FCPATH\\index.php')
CRITICAL - 2023-05-15 04:12:29 --> syntax error, unexpected token "[", expecting identifier or variable or "{" or "$"
in APPPATH\Controllers\Home.php on line 25.
 1 SYSTEMPATH\Autoloader\Autoloader.php(289): CodeIgniter\Autoloader\Autoloader->includeFile('APPPATH\\Controllers\\Home.php')
 2 SYSTEMPATH\Autoloader\Autoloader.php(267): CodeIgniter\Autoloader\Autoloader->loadInNamespace('App\\Controllers\\Home')
 3 [internal function]: CodeIgniter\Autoloader\Autoloader->loadClass('App\\Controllers\\Home')
 4 SYSTEMPATH\CodeIgniter.php(892): class_exists('\\App\\Controllers\\Home', true)
 5 SYSTEMPATH\CodeIgniter.php(486): CodeIgniter\CodeIgniter->startController()
 6 SYSTEMPATH\CodeIgniter.php(368): CodeIgniter\CodeIgniter->handleRequest(null, Object(Config\Cache), false)
 7 FCPATH\index.php(67): CodeIgniter\CodeIgniter->run()
 8 SYSTEMPATH\Commands\Server\rewrite.php(47): require_once('FCPATH\\index.php')
CRITICAL - 2023-05-15 04:18:09 --> syntax error, unexpected token "else"
in APPPATH\Controllers\Home.php on line 31.
 1 SYSTEMPATH\Autoloader\Autoloader.php(289): CodeIgniter\Autoloader\Autoloader->includeFile('APPPATH\\Controllers\\Home.php')
 2 SYSTEMPATH\Autoloader\Autoloader.php(267): CodeIgniter\Autoloader\Autoloader->loadInNamespace('App\\Controllers\\Home')
 3 [internal function]: CodeIgniter\Autoloader\Autoloader->loadClass('App\\Controllers\\Home')
 4 SYSTEMPATH\CodeIgniter.php(892): class_exists('\\App\\Controllers\\Home', true)
 5 SYSTEMPATH\CodeIgniter.php(486): CodeIgniter\CodeIgniter->startController()
 6 SYSTEMPATH\CodeIgniter.php(368): CodeIgniter\CodeIgniter->handleRequest(null, Object(Config\Cache), false)
 7 FCPATH\index.php(67): CodeIgniter\CodeIgniter->run()
 8 SYSTEMPATH\Commands\Server\rewrite.php(47): require_once('FCPATH\\index.php')
CRITICAL - 2023-05-15 04:20:14 --> syntax error, unexpected single-quoted string "username", expecting "]"
in APPPATH\Controllers\Home.php on line 25.
 1 SYSTEMPATH\Autoloader\Autoloader.php(289): CodeIgniter\Autoloader\Autoloader->includeFile('APPPATH\\Controllers\\Home.php')
 2 SYSTEMPATH\Autoloader\Autoloader.php(267): CodeIgniter\Autoloader\Autoloader->loadInNamespace('App\\Controllers\\Home')
 3 [internal function]: CodeIgniter\Autoloader\Autoloader->loadClass('App\\Controllers\\Home')
 4 SYSTEMPATH\CodeIgniter.php(892): class_exists('\\App\\Controllers\\Home', true)
 5 SYSTEMPATH\CodeIgniter.php(486): CodeIgniter\CodeIgniter->startController()
 6 SYSTEMPATH\CodeIgniter.php(368): CodeIgniter\CodeIgniter->handleRequest(null, Object(Config\Cache), false)
 7 FCPATH\index.php(67): CodeIgniter\CodeIgniter->run()
 8 SYSTEMPATH\Commands\Server\rewrite.php(47): require_once('FCPATH\\index.php')
CRITICAL - 2023-05-15 04:22:36 --> Undefined variable $dataUser
in APPPATH\Controllers\Home.php on line 18.
 1 APPPATH\Controllers\Home.php(18): CodeIgniter\Debug\Exceptions->errorHandler(2, 'Undefined variable $dataUser', 'APPPATH\\Controllers\\Home.php', 18)
 2 SYSTEMPATH\CodeIgniter.php(934): App\Controllers\Home->login()
 3 SYSTEMPATH\CodeIgniter.php(499): CodeIgniter\CodeIgniter->runController(Object(App\Controllers\Home))
 4 SYSTEMPATH\CodeIgniter.php(368): CodeIgniter\CodeIgniter->handleRequest(null, Object(Config\Cache), false)
 5 FCPATH\index.php(67): CodeIgniter\CodeIgniter->run()
 6 SYSTEMPATH\Commands\Server\rewrite.php(47): require_once('FCPATH\\index.php')
CRITICAL - 2023-05-15 04:38:21 --> Undefined property: App\Controllers\Home::$load
in APPPATH\Controllers\Home.php on line 20.
 1 APPPATH\Controllers\Home.php(20): CodeIgniter\Debug\Exceptions->errorHandler(2, 'Undefined property: App\\Controllers\\Home::$load', 'APPPATH\\Controllers\\Home.php', 20)
 2 SYSTEMPATH\CodeIgniter.php(934): App\Controllers\Home->login()
 3 SYSTEMPATH\CodeIgniter.php(499): CodeIgniter\CodeIgniter->runController(Object(App\Controllers\Home))
 4 SYSTEMPATH\CodeIgniter.php(368): CodeIgniter\CodeIgniter->handleRequest(null, Object(Config\Cache), false)
 5 FCPATH\index.php(67): CodeIgniter\CodeIgniter->run()
 6 SYSTEMPATH\Commands\Server\rewrite.php(47): require_once('FCPATH\\index.php')
CRITICAL - 2023-05-15 05:29:26 --> Unclosed '{' on line 99
in APPPATH\Views\register.php on line 143.
 1 SYSTEMPATH\View\View.php(216): CodeIgniter\View\View->CodeIgniter\View\{closure}()
 2 SYSTEMPATH\Common.php(1184): CodeIgniter\View\View->render('register', [], true)
 3 APPPATH\Controllers\Home.php(15): view('register')
 4 SYSTEMPATH\CodeIgniter.php(934): App\Controllers\Home->registerView()
 5 SYSTEMPATH\CodeIgniter.php(499): CodeIgniter\CodeIgniter->runController(Object(App\Controllers\Home))
 6 SYSTEMPATH\CodeIgniter.php(368): CodeIgniter\CodeIgniter->handleRequest(null, Object(Config\Cache), false)
 7 FCPATH\index.php(67): CodeIgniter\CodeIgniter->run()
 8 SYSTEMPATH\Commands\Server\rewrite.php(47): require_once('FCPATH\\index.php')
CRITICAL - 2023-05-15 05:30:08 --> Unclosed '{' on line 99
in APPPATH\Views\register.php on line 143.
 1 SYSTEMPATH\View\View.php(216): CodeIgniter\View\View->CodeIgniter\View\{closure}()
 2 SYSTEMPATH\Common.php(1184): CodeIgniter\View\View->render('register', [], true)
 3 APPPATH\Controllers\Home.php(15): view('register')
 4 SYSTEMPATH\CodeIgniter.php(934): App\Controllers\Home->registerView()
 5 SYSTEMPATH\CodeIgniter.php(499): CodeIgniter\CodeIgniter->runController(Object(App\Controllers\Home))
 6 SYSTEMPATH\CodeIgniter.php(368): CodeIgniter\CodeIgniter->handleRequest(null, Object(Config\Cache), false)
 7 FCPATH\index.php(67): CodeIgniter\CodeIgniter->run()
 8 SYSTEMPATH\Commands\Server\rewrite.php(47): require_once('FCPATH\\index.php')
CRITICAL - 2023-05-15 05:35:15 --> Undefined variable $id_employee
in APPPATH\Views\register.php on line 97.
 1 APPPATH\Views\register.php(97): CodeIgniter\Debug\Exceptions->errorHandler(2, 'Undefined variable $id_employee', 'APPPATH\\Views\\register.php', 97)
 2 SYSTEMPATH\View\View.php(213): include('APPPATH\\Views\\register.php')
 3 SYSTEMPATH\View\View.php(216): CodeIgniter\View\View->CodeIgniter\View\{closure}()
 4 SYSTEMPATH\Common.php(1184): CodeIgniter\View\View->render('register', [], true)
 5 APPPATH\Controllers\Home.php(15): view('register')
 6 SYSTEMPATH\CodeIgniter.php(934): App\Controllers\Home->registerView()
 7 SYSTEMPATH\CodeIgniter.php(499): CodeIgniter\CodeIgniter->runController(Object(App\Controllers\Home))
 8 SYSTEMPATH\CodeIgniter.php(368): CodeIgniter\CodeIgniter->handleRequest(null, Object(Config\Cache), false)
 9 FCPATH\index.php(67): CodeIgniter\CodeIgniter->run()
10 SYSTEMPATH\Commands\Server\rewrite.php(47): require_once('FCPATH\\index.php')
CRITICAL - 2023-05-15 05:43:40 --> syntax error, unexpected token "}"
in APPPATH\Controllers\Home.php on line 25.
 1 SYSTEMPATH\Autoloader\Autoloader.php(289): CodeIgniter\Autoloader\Autoloader->includeFile('APPPATH\\Controllers\\Home.php')
 2 SYSTEMPATH\Autoloader\Autoloader.php(267): CodeIgniter\Autoloader\Autoloader->loadInNamespace('App\\Controllers\\Home')
 3 [internal function]: CodeIgniter\Autoloader\Autoloader->loadClass('App\\Controllers\\Home')
 4 SYSTEMPATH\CodeIgniter.php(892): class_exists('\\App\\Controllers\\Home', true)
 5 SYSTEMPATH\CodeIgniter.php(486): CodeIgniter\CodeIgniter->startController()
 6 SYSTEMPATH\CodeIgniter.php(368): CodeIgniter\CodeIgniter->handleRequest(null, Object(Config\Cache), false)
 7 FCPATH\index.php(67): CodeIgniter\CodeIgniter->run()
 8 SYSTEMPATH\Commands\Server\rewrite.php(47): require_once('FCPATH\\index.php')
CRITICAL - 2023-05-15 05:43:58 --> Undefined variable $id_employee
in APPPATH\Views\register.php on line 97.
 1 APPPATH\Views\register.php(97): CodeIgniter\Debug\Exceptions->errorHandler(2, 'Undefined variable $id_employee', 'APPPATH\\Views\\register.php', 97)
 2 SYSTEMPATH\View\View.php(213): include('APPPATH\\Views\\register.php')
 3 SYSTEMPATH\View\View.php(216): CodeIgniter\View\View->CodeIgniter\View\{closure}()
 4 SYSTEMPATH\Common.php(1184): CodeIgniter\View\View->render('register', [], true)
 5 APPPATH\Controllers\Home.php(15): view('register')
 6 SYSTEMPATH\CodeIgniter.php(934): App\Controllers\Home->registerView()
 7 SYSTEMPATH\CodeIgniter.php(499): CodeIgniter\CodeIgniter->runController(Object(App\Controllers\Home))
 8 SYSTEMPATH\CodeIgniter.php(368): CodeIgniter\CodeIgniter->handleRequest(null, Object(Config\Cache), false)
 9 FCPATH\index.php(67): CodeIgniter\CodeIgniter->run()
10 SYSTEMPATH\Commands\Server\rewrite.php(47): require_once('FCPATH\\index.php')
CRITICAL - 2023-05-15 05:45:38 --> Undefined variable $dataUser
in APPPATH\Views\register.php on line 98.
 1 APPPATH\Views\register.php(98): CodeIgniter\Debug\Exceptions->errorHandler(2, 'Undefined variable $dataUser', 'APPPATH\\Views\\register.php', 98)
 2 SYSTEMPATH\View\View.php(213): include('APPPATH\\Views\\register.php')
 3 SYSTEMPATH\View\View.php(216): CodeIgniter\View\View->CodeIgniter\View\{closure}()
 4 SYSTEMPATH\Common.php(1184): CodeIgniter\View\View->render('register', [], true)
 5 APPPATH\Controllers\Home.php(15): view('register')
 6 SYSTEMPATH\CodeIgniter.php(934): App\Controllers\Home->registerView()
 7 SYSTEMPATH\CodeIgniter.php(499): CodeIgniter\CodeIgniter->runController(Object(App\Controllers\Home))
 8 SYSTEMPATH\CodeIgniter.php(368): CodeIgniter\CodeIgniter->handleRequest(null, Object(Config\Cache), false)
 9 FCPATH\index.php(67): CodeIgniter\CodeIgniter->run()
10 SYSTEMPATH\Commands\Server\rewrite.php(47): require_once('FCPATH\\index.php')
CRITICAL - 2023-05-15 05:47:31 --> Undefined variable $conn
in APPPATH\Views\register.php on line 99.
 1 APPPATH\Views\register.php(99): CodeIgniter\Debug\Exceptions->errorHandler(2, 'Undefined variable $conn', 'APPPATH\\Views\\register.php', 99)
 2 SYSTEMPATH\View\View.php(213): include('APPPATH\\Views\\register.php')
 3 SYSTEMPATH\View\View.php(216): CodeIgniter\View\View->CodeIgniter\View\{closure}()
 4 SYSTEMPATH\Common.php(1184): CodeIgniter\View\View->render('register', [], true)
 5 APPPATH\Controllers\Home.php(15): view('register')
 6 SYSTEMPATH\CodeIgniter.php(934): App\Controllers\Home->registerView()
 7 SYSTEMPATH\CodeIgniter.php(499): CodeIgniter\CodeIgniter->runController(Object(App\Controllers\Home))
 8 SYSTEMPATH\CodeIgniter.php(368): CodeIgniter\CodeIgniter->handleRequest(null, Object(Config\Cache), false)
 9 FCPATH\index.php(67): CodeIgniter\CodeIgniter->run()
10 SYSTEMPATH\Commands\Server\rewrite.php(47): require_once('FCPATH\\index.php')
CRITICAL - 2023-05-15 05:49:05 --> Undefined variable $id_employee
in APPPATH\Views\register.php on line 98.
 1 APPPATH\Views\register.php(98): CodeIgniter\Debug\Exceptions->errorHandler(2, 'Undefined variable $id_employee', 'APPPATH\\Views\\register.php', 98)
 2 SYSTEMPATH\View\View.php(213): include('APPPATH\\Views\\register.php')
 3 SYSTEMPATH\View\View.php(216): CodeIgniter\View\View->CodeIgniter\View\{closure}()
 4 SYSTEMPATH\Common.php(1184): CodeIgniter\View\View->render('register', [], true)
 5 APPPATH\Controllers\Home.php(15): view('register')
 6 SYSTEMPATH\CodeIgniter.php(934): App\Controllers\Home->registerView()
 7 SYSTEMPATH\CodeIgniter.php(499): CodeIgniter\CodeIgniter->runController(Object(App\Controllers\Home))
 8 SYSTEMPATH\CodeIgniter.php(368): CodeIgniter\CodeIgniter->handleRequest(null, Object(Config\Cache), false)
 9 FCPATH\index.php(67): CodeIgniter\CodeIgniter->run()
10 SYSTEMPATH\Commands\Server\rewrite.php(47): require_once('FCPATH\\index.php')
CRITICAL - 2023-05-15 06:01:27 --> Undefined variable $register
in APPPATH\Views\register.php on line 100.
 1 APPPATH\Views\register.php(100): CodeIgniter\Debug\Exceptions->errorHandler(2, 'Undefined variable $register', 'APPPATH\\Views\\register.php', 100)
 2 SYSTEMPATH\View\View.php(213): include('APPPATH\\Views\\register.php')
 3 SYSTEMPATH\View\View.php(216): CodeIgniter\View\View->CodeIgniter\View\{closure}()
 4 SYSTEMPATH\Common.php(1184): CodeIgniter\View\View->render('register', [], true)
 5 APPPATH\Controllers\Home.php(15): view('register')
 6 SYSTEMPATH\CodeIgniter.php(934): App\Controllers\Home->registerView()
 7 SYSTEMPATH\CodeIgniter.php(499): CodeIgniter\CodeIgniter->runController(Object(App\Controllers\Home))
 8 SYSTEMPATH\CodeIgniter.php(368): CodeIgniter\CodeIgniter->handleRequest(null, Object(Config\Cache), false)
 9 FCPATH\index.php(67): CodeIgniter\CodeIgniter->run()
10 SYSTEMPATH\Commands\Server\rewrite.php(47): require_once('FCPATH\\index.php')
CRITICAL - 2023-05-15 06:04:09 --> Undefined variable $id_employee
in APPPATH\Views\register.php on line 100.
 1 APPPATH\Views\register.php(100): CodeIgniter\Debug\Exceptions->errorHandler(2, 'Undefined variable $id_employee', 'APPPATH\\Views\\register.php', 100)
 2 SYSTEMPATH\View\View.php(213): include('APPPATH\\Views\\register.php')
 3 SYSTEMPATH\View\View.php(216): CodeIgniter\View\View->CodeIgniter\View\{closure}()
 4 SYSTEMPATH\Common.php(1184): CodeIgniter\View\View->render('register', [], true)
 5 APPPATH\Controllers\Home.php(15): view('register')
 6 SYSTEMPATH\CodeIgniter.php(934): App\Controllers\Home->registerView()
 7 SYSTEMPATH\CodeIgniter.php(499): CodeIgniter\CodeIgniter->runController(Object(App\Controllers\Home))
 8 SYSTEMPATH\CodeIgniter.php(368): CodeIgniter\CodeIgniter->handleRequest(null, Object(Config\Cache), false)
 9 FCPATH\index.php(67): CodeIgniter\CodeIgniter->run()
10 SYSTEMPATH\Commands\Server\rewrite.php(47): require_once('FCPATH\\index.php')
CRITICAL - 2023-05-15 07:11:33 --> Undefined variable $users
in APPPATH\Views\register.php on line 100.
 1 APPPATH\Views\register.php(100): CodeIgniter\Debug\Exceptions->errorHandler(2, 'Undefined variable $users', 'APPPATH\\Views\\register.php', 100)
 2 SYSTEMPATH\View\View.php(213): include('APPPATH\\Views\\register.php')
 3 SYSTEMPATH\View\View.php(216): CodeIgniter\View\View->CodeIgniter\View\{closure}()
 4 SYSTEMPATH\Common.php(1184): CodeIgniter\View\View->render('register', [], true)
 5 APPPATH\Controllers\Home.php(15): view('register')
 6 SYSTEMPATH\CodeIgniter.php(934): App\Controllers\Home->registerView()
 7 SYSTEMPATH\CodeIgniter.php(499): CodeIgniter\CodeIgniter->runController(Object(App\Controllers\Home))
 8 SYSTEMPATH\CodeIgniter.php(368): CodeIgniter\CodeIgniter->handleRequest(null, Object(Config\Cache), false)
 9 FCPATH\index.php(67): CodeIgniter\CodeIgniter->run()
10 SYSTEMPATH\Commands\Server\rewrite.php(47): require_once('FCPATH\\index.php')
CRITICAL - 2023-05-15 07:12:25 --> Undefined variable $register
in APPPATH\Views\register.php on line 100.
 1 APPPATH\Views\register.php(100): CodeIgniter\Debug\Exceptions->errorHandler(2, 'Undefined variable $register', 'APPPATH\\Views\\register.php', 100)
 2 SYSTEMPATH\View\View.php(213): include('APPPATH\\Views\\register.php')
 3 SYSTEMPATH\View\View.php(216): CodeIgniter\View\View->CodeIgniter\View\{closure}()
 4 SYSTEMPATH\Common.php(1184): CodeIgniter\View\View->render('register', [], true)
 5 APPPATH\Controllers\Home.php(15): view('register')
 6 SYSTEMPATH\CodeIgniter.php(934): App\Controllers\Home->registerView()
 7 SYSTEMPATH\CodeIgniter.php(499): CodeIgniter\CodeIgniter->runController(Object(App\Controllers\Home))
 8 SYSTEMPATH\CodeIgniter.php(368): CodeIgniter\CodeIgniter->handleRequest(null, Object(Config\Cache), false)
 9 FCPATH\index.php(67): CodeIgniter\CodeIgniter->run()
10 SYSTEMPATH\Commands\Server\rewrite.php(47): require_once('FCPATH\\index.php')
CRITICAL - 2023-05-15 07:27:49 --> Undefined variable $employee
in APPPATH\Views\register.php on line 100.
 1 APPPATH\Views\register.php(100): CodeIgniter\Debug\Exceptions->errorHandler(2, 'Undefined variable $employee', 'APPPATH\\Views\\register.php', 100)
 2 SYSTEMPATH\View\View.php(213): include('APPPATH\\Views\\register.php')
 3 SYSTEMPATH\View\View.php(216): CodeIgniter\View\View->CodeIgniter\View\{closure}()
 4 SYSTEMPATH\Common.php(1184): CodeIgniter\View\View->render('register', [], true)
 5 APPPATH\Controllers\Home.php(16): view('register')
 6 SYSTEMPATH\CodeIgniter.php(934): App\Controllers\Home->registerView()
 7 SYSTEMPATH\CodeIgniter.php(499): CodeIgniter\CodeIgniter->runController(Object(App\Controllers\Home))
 8 SYSTEMPATH\CodeIgniter.php(368): CodeIgniter\CodeIgniter->handleRequest(null, Object(Config\Cache), false)
 9 FCPATH\index.php(67): CodeIgniter\CodeIgniter->run()
10 SYSTEMPATH\Commands\Server\rewrite.php(47): require_once('FCPATH\\index.php')
CRITICAL - 2023-05-15 07:48:26 --> syntax error, unexpected token "}", expecting ";"
in APPPATH\Controllers\Home.php on line 28.
 1 SYSTEMPATH\Autoloader\Autoloader.php(289): CodeIgniter\Autoloader\Autoloader->includeFile('APPPATH\\Controllers\\Home.php')
 2 SYSTEMPATH\Autoloader\Autoloader.php(267): CodeIgniter\Autoloader\Autoloader->loadInNamespace('App\\Controllers\\Home')
 3 [internal function]: CodeIgniter\Autoloader\Autoloader->loadClass('App\\Controllers\\Home')
 4 SYSTEMPATH\CodeIgniter.php(892): class_exists('\\App\\Controllers\\Home', true)
 5 SYSTEMPATH\CodeIgniter.php(486): CodeIgniter\CodeIgniter->startController()
 6 SYSTEMPATH\CodeIgniter.php(368): CodeIgniter\CodeIgniter->handleRequest(null, Object(Config\Cache), false)
 7 FCPATH\index.php(67): CodeIgniter\CodeIgniter->run()
 8 SYSTEMPATH\Commands\Server\rewrite.php(47): require_once('FCPATH\\index.php')
CRITICAL - 2023-05-15 07:48:51 --> Undefined variable $users
in APPPATH\Views\register.php on line 100.
 1 APPPATH\Views\register.php(100): CodeIgniter\Debug\Exceptions->errorHandler(2, 'Undefined variable $users', 'APPPATH\\Views\\register.php', 100)
 2 SYSTEMPATH\View\View.php(213): include('APPPATH\\Views\\register.php')
 3 SYSTEMPATH\View\View.php(216): CodeIgniter\View\View->CodeIgniter\View\{closure}()
 4 SYSTEMPATH\Common.php(1184): CodeIgniter\View\View->render('register', [], true)
 5 APPPATH\Controllers\Home.php(21): view('register')
 6 SYSTEMPATH\CodeIgniter.php(934): App\Controllers\Home->registerView()
 7 SYSTEMPATH\CodeIgniter.php(499): CodeIgniter\CodeIgniter->runController(Object(App\Controllers\Home))
 8 SYSTEMPATH\CodeIgniter.php(368): CodeIgniter\CodeIgniter->handleRequest(null, Object(Config\Cache), false)
 9 FCPATH\index.php(67): CodeIgniter\CodeIgniter->run()
10 SYSTEMPATH\Commands\Server\rewrite.php(47): require_once('FCPATH\\index.php')
CRITICAL - 2023-05-15 07:51:45 --> Undefined variable $users
in APPPATH\Views\register.php on line 100.
 1 APPPATH\Views\register.php(100): CodeIgniter\Debug\Exceptions->errorHandler(2, 'Undefined variable $users', 'APPPATH\\Views\\register.php', 100)
 2 SYSTEMPATH\View\View.php(213): include('APPPATH\\Views\\register.php')
 3 SYSTEMPATH\View\View.php(216): CodeIgniter\View\View->CodeIgniter\View\{closure}()
 4 SYSTEMPATH\Common.php(1184): CodeIgniter\View\View->render('register', [], true)
 5 APPPATH\Controllers\Home.php(21): view('register')
 6 SYSTEMPATH\CodeIgniter.php(934): App\Controllers\Home->registerView()
 7 SYSTEMPATH\CodeIgniter.php(499): CodeIgniter\CodeIgniter->runController(Object(App\Controllers\Home))
 8 SYSTEMPATH\CodeIgniter.php(368): CodeIgniter\CodeIgniter->handleRequest(null, Object(Config\Cache), false)
 9 FCPATH\index.php(67): CodeIgniter\CodeIgniter->run()
10 SYSTEMPATH\Commands\Server\rewrite.php(47): require_once('FCPATH\\index.php')
CRITICAL - 2023-05-15 07:53:53 --> Undefined variable $users
in APPPATH\Views\register.php on line 100.
 1 APPPATH\Views\register.php(100): CodeIgniter\Debug\Exceptions->errorHandler(2, 'Undefined variable $users', 'APPPATH\\Views\\register.php', 100)
 2 SYSTEMPATH\View\View.php(213): include('APPPATH\\Views\\register.php')
 3 SYSTEMPATH\View\View.php(216): CodeIgniter\View\View->CodeIgniter\View\{closure}()
 4 SYSTEMPATH\Common.php(1184): CodeIgniter\View\View->render('register', [], true)
 5 APPPATH\Controllers\Home.php(22): view('register')
 6 SYSTEMPATH\CodeIgniter.php(934): App\Controllers\Home->register()
 7 SYSTEMPATH\CodeIgniter.php(499): CodeIgniter\CodeIgniter->runController(Object(App\Controllers\Home))
 8 SYSTEMPATH\CodeIgniter.php(368): CodeIgniter\CodeIgniter->handleRequest(null, Object(Config\Cache), false)
 9 FCPATH\index.php(67): CodeIgniter\CodeIgniter->run()
10 SYSTEMPATH\Commands\Server\rewrite.php(47): require_once('FCPATH\\index.php')
CRITICAL - 2023-05-15 07:56:13 --> Undefined variable $users
in APPPATH\Views\register.php on line 100.
 1 APPPATH\Views\register.php(100): CodeIgniter\Debug\Exceptions->errorHandler(2, 'Undefined variable $users', 'APPPATH\\Views\\register.php', 100)
 2 SYSTEMPATH\View\View.php(213): include('APPPATH\\Views\\register.php')
 3 SYSTEMPATH\View\View.php(216): CodeIgniter\View\View->CodeIgniter\View\{closure}()
 4 SYSTEMPATH\Common.php(1184): CodeIgniter\View\View->render('register', [], true)
 5 APPPATH\Controllers\Home.php(23): view('register')
 6 SYSTEMPATH\CodeIgniter.php(934): App\Controllers\Home->register()
 7 SYSTEMPATH\CodeIgniter.php(499): CodeIgniter\CodeIgniter->runController(Object(App\Controllers\Home))
 8 SYSTEMPATH\CodeIgniter.php(368): CodeIgniter\CodeIgniter->handleRequest(null, Object(Config\Cache), false)
 9 FCPATH\index.php(67): CodeIgniter\CodeIgniter->run()
10 SYSTEMPATH\Commands\Server\rewrite.php(47): require_once('FCPATH\\index.php')
CRITICAL - 2023-05-15 07:57:04 --> Undefined variable $users
in APPPATH\Views\register.php on line 100.
 1 APPPATH\Views\register.php(100): CodeIgniter\Debug\Exceptions->errorHandler(2, 'Undefined variable $users', 'APPPATH\\Views\\register.php', 100)
 2 SYSTEMPATH\View\View.php(213): include('APPPATH\\Views\\register.php')
 3 SYSTEMPATH\View\View.php(216): CodeIgniter\View\View->CodeIgniter\View\{closure}()
 4 SYSTEMPATH\Common.php(1184): CodeIgniter\View\View->render('register', [], true)
 5 APPPATH\Controllers\Home.php(23): view('register')
 6 SYSTEMPATH\CodeIgniter.php(934): App\Controllers\Home->register()
 7 SYSTEMPATH\CodeIgniter.php(499): CodeIgniter\CodeIgniter->runController(Object(App\Controllers\Home))
 8 SYSTEMPATH\CodeIgniter.php(368): CodeIgniter\CodeIgniter->handleRequest(null, Object(Config\Cache), false)
 9 FCPATH\index.php(67): CodeIgniter\CodeIgniter->run()
10 SYSTEMPATH\Commands\Server\rewrite.php(47): require_once('FCPATH\\index.php')
CRITICAL - 2023-05-15 08:02:32 --> Cannot use object of type stdClass as array
in APPPATH\Views\register.php on line 101.
 1 SYSTEMPATH\View\View.php(213): include()
 2 SYSTEMPATH\View\View.php(216): CodeIgniter\View\View->CodeIgniter\View\{closure}()
 3 SYSTEMPATH\Common.php(1184): CodeIgniter\View\View->render('register', [], true)
 4 APPPATH\Controllers\Home.php(22): view('register', [...])
 5 SYSTEMPATH\CodeIgniter.php(934): App\Controllers\Home->register()
 6 SYSTEMPATH\CodeIgniter.php(499): CodeIgniter\CodeIgniter->runController(Object(App\Controllers\Home))
 7 SYSTEMPATH\CodeIgniter.php(368): CodeIgniter\CodeIgniter->handleRequest(null, Object(Config\Cache), false)
 8 FCPATH\index.php(67): CodeIgniter\CodeIgniter->run()
 9 SYSTEMPATH\Commands\Server\rewrite.php(47): require_once('FCPATH\\index.php')
CRITICAL - 2023-05-15 08:03:21 --> Cannot use object of type stdClass as array
in APPPATH\Views\register.php on line 101.
 1 SYSTEMPATH\View\View.php(213): include()
 2 SYSTEMPATH\View\View.php(216): CodeIgniter\View\View->CodeIgniter\View\{closure}()
 3 SYSTEMPATH\Common.php(1184): CodeIgniter\View\View->render('register', [], true)
 4 APPPATH\Controllers\Home.php(22): view('register', [...])
 5 SYSTEMPATH\CodeIgniter.php(934): App\Controllers\Home->register()
 6 SYSTEMPATH\CodeIgniter.php(499): CodeIgniter\CodeIgniter->runController(Object(App\Controllers\Home))
 7 SYSTEMPATH\CodeIgniter.php(368): CodeIgniter\CodeIgniter->handleRequest(null, Object(Config\Cache), false)
 8 FCPATH\index.php(67): CodeIgniter\CodeIgniter->run()
 9 SYSTEMPATH\Commands\Server\rewrite.php(47): require_once('FCPATH\\index.php')
CRITICAL - 2023-05-15 08:03:25 --> Cannot use object of type stdClass as array
in APPPATH\Views\register.php on line 101.
 1 SYSTEMPATH\View\View.php(213): include()
 2 SYSTEMPATH\View\View.php(216): CodeIgniter\View\View->CodeIgniter\View\{closure}()
 3 SYSTEMPATH\Common.php(1184): CodeIgniter\View\View->render('register', [], true)
 4 APPPATH\Controllers\Home.php(22): view('register', [...])
 5 SYSTEMPATH\CodeIgniter.php(934): App\Controllers\Home->register()
 6 SYSTEMPATH\CodeIgniter.php(499): CodeIgniter\CodeIgniter->runController(Object(App\Controllers\Home))
 7 SYSTEMPATH\CodeIgniter.php(368): CodeIgniter\CodeIgniter->handleRequest(null, Object(Config\Cache), false)
 8 FCPATH\index.php(67): CodeIgniter\CodeIgniter->run()
 9 SYSTEMPATH\Commands\Server\rewrite.php(47): require_once('FCPATH\\index.php')
CRITICAL - 2023-05-15 08:04:20 --> Cannot use object of type stdClass as array
in APPPATH\Views\register.php on line 101.
 1 SYSTEMPATH\View\View.php(213): include()
 2 SYSTEMPATH\View\View.php(216): CodeIgniter\View\View->CodeIgniter\View\{closure}()
 3 SYSTEMPATH\Common.php(1184): CodeIgniter\View\View->render('register', [], true)
 4 APPPATH\Controllers\Home.php(22): view('register', [...])
 5 SYSTEMPATH\CodeIgniter.php(934): App\Controllers\Home->register()
 6 SYSTEMPATH\CodeIgniter.php(499): CodeIgniter\CodeIgniter->runController(Object(App\Controllers\Home))
 7 SYSTEMPATH\CodeIgniter.php(368): CodeIgniter\CodeIgniter->handleRequest(null, Object(Config\Cache), false)
 8 FCPATH\index.php(67): CodeIgniter\CodeIgniter->run()
 9 SYSTEMPATH\Commands\Server\rewrite.php(47): require_once('FCPATH\\index.php')
CRITICAL - 2023-05-15 08:04:33 --> Cannot use object of type stdClass as array
in APPPATH\Views\register.php on line 101.
 1 SYSTEMPATH\View\View.php(213): include()
 2 SYSTEMPATH\View\View.php(216): CodeIgniter\View\View->CodeIgniter\View\{closure}()
 3 SYSTEMPATH\Common.php(1184): CodeIgniter\View\View->render('register', [], true)
 4 APPPATH\Controllers\Home.php(22): view('register', [...])
 5 SYSTEMPATH\CodeIgniter.php(934): App\Controllers\Home->register()
 6 SYSTEMPATH\CodeIgniter.php(499): CodeIgniter\CodeIgniter->runController(Object(App\Controllers\Home))
 7 SYSTEMPATH\CodeIgniter.php(368): CodeIgniter\CodeIgniter->handleRequest(null, Object(Config\Cache), false)
 8 FCPATH\index.php(67): CodeIgniter\CodeIgniter->run()
 9 SYSTEMPATH\Commands\Server\rewrite.php(47): require_once('FCPATH\\index.php')
CRITICAL - 2023-05-15 08:08:43 --> Cannot use object of type stdClass as array
in APPPATH\Views\register.php on line 100.
 1 SYSTEMPATH\View\View.php(213): include()
 2 SYSTEMPATH\View\View.php(216): CodeIgniter\View\View->CodeIgniter\View\{closure}()
 3 SYSTEMPATH\Common.php(1184): CodeIgniter\View\View->render('register', [], true)
 4 APPPATH\Controllers\Home.php(22): view('register', [...])
 5 SYSTEMPATH\CodeIgniter.php(934): App\Controllers\Home->register()
 6 SYSTEMPATH\CodeIgniter.php(499): CodeIgniter\CodeIgniter->runController(Object(App\Controllers\Home))
 7 SYSTEMPATH\CodeIgniter.php(368): CodeIgniter\CodeIgniter->handleRequest(null, Object(Config\Cache), false)
 8 FCPATH\index.php(67): CodeIgniter\CodeIgniter->run()
 9 SYSTEMPATH\Commands\Server\rewrite.php(47): require_once('FCPATH\\index.php')
CRITICAL - 2023-05-15 08:09:45 --> Unsupported operand types: string + string
in APPPATH\Views\register.php on line 100.
 1 SYSTEMPATH\View\View.php(213): include()
 2 SYSTEMPATH\View\View.php(216): CodeIgniter\View\View->CodeIgniter\View\{closure}()
 3 SYSTEMPATH\Common.php(1184): CodeIgniter\View\View->render('register', [], true)
 4 APPPATH\Controllers\Home.php(22): view('register', [...])
 5 SYSTEMPATH\CodeIgniter.php(934): App\Controllers\Home->register()
 6 SYSTEMPATH\CodeIgniter.php(499): CodeIgniter\CodeIgniter->runController(Object(App\Controllers\Home))
 7 SYSTEMPATH\CodeIgniter.php(368): CodeIgniter\CodeIgniter->handleRequest(null, Object(Config\Cache), false)
 8 FCPATH\index.php(67): CodeIgniter\CodeIgniter->run()
 9 SYSTEMPATH\Commands\Server\rewrite.php(47): require_once('FCPATH\\index.php')
CRITICAL - 2023-05-15 08:13:33 --> Call to undefined method CodeIgniter\Database\MySQLi\Builder::getAll()
in APPPATH\Models\usersModel.php on line 18.
 1 APPPATH\Controllers\Home.php(21): App\Models\usersModel->getAll()
 2 SYSTEMPATH\CodeIgniter.php(934): App\Controllers\Home->register()
 3 SYSTEMPATH\CodeIgniter.php(499): CodeIgniter\CodeIgniter->runController(Object(App\Controllers\Home))
 4 SYSTEMPATH\CodeIgniter.php(368): CodeIgniter\CodeIgniter->handleRequest(null, Object(Config\Cache), false)
 5 FCPATH\index.php(67): CodeIgniter\CodeIgniter->run()
 6 SYSTEMPATH\Commands\Server\rewrite.php(47): require_once('FCPATH\\index.php')
CRITICAL - 2023-05-15 08:21:01 --> Attempt to read property "id_employee" on array
in APPPATH\Views\register.php on line 100.
 1 APPPATH\Views\register.php(100): CodeIgniter\Debug\Exceptions->errorHandler(2, 'Attempt to read property "id_employee" on array', 'APPPATH\\Views\\register.php', 100)
 2 SYSTEMPATH\View\View.php(213): include('APPPATH\\Views\\register.php')
 3 SYSTEMPATH\View\View.php(216): CodeIgniter\View\View->CodeIgniter\View\{closure}()
 4 SYSTEMPATH\Common.php(1184): CodeIgniter\View\View->render('register', [], true)
 5 APPPATH\Controllers\Home.php(22): view('register', [...])
 6 SYSTEMPATH\CodeIgniter.php(934): App\Controllers\Home->register()
 7 SYSTEMPATH\CodeIgniter.php(499): CodeIgniter\CodeIgniter->runController(Object(App\Controllers\Home))
 8 SYSTEMPATH\CodeIgniter.php(368): CodeIgniter\CodeIgniter->handleRequest(null, Object(Config\Cache), false)
 9 FCPATH\index.php(67): CodeIgniter\CodeIgniter->run()
10 SYSTEMPATH\Commands\Server\rewrite.php(47): require_once('FCPATH\\index.php')
CRITICAL - 2023-05-15 08:21:45 --> Call to undefined method CodeIgniter\Database\MySQLi\Builder::findAll()
in APPPATH\Models\usersModel.php on line 18.
 1 APPPATH\Controllers\Home.php(21): App\Models\usersModel->getAll()
 2 SYSTEMPATH\CodeIgniter.php(934): App\Controllers\Home->register()
 3 SYSTEMPATH\CodeIgniter.php(499): CodeIgniter\CodeIgniter->runController(Object(App\Controllers\Home))
 4 SYSTEMPATH\CodeIgniter.php(368): CodeIgniter\CodeIgniter->handleRequest(null, Object(Config\Cache), false)
 5 FCPATH\index.php(67): CodeIgniter\CodeIgniter->run()
 6 SYSTEMPATH\Commands\Server\rewrite.php(47): require_once('FCPATH\\index.php')
